{"C:\\Users\\nicje\\OneDrive\\Documentos\\Proyecto 2026\\Dr Milton Mairena\\Historia-Clinica-main\\src\\constants.ts": {"path":"C:\\Users\\nicje\\OneDrive\\Documentos\\Proyecto 2026\\Dr Milton Mairena\\Historia-Clinica-main\\src\\constants.ts","statementMap":{"0":{"start":{"line":1,"column":28},"end":{"line":8,"column":null}},"1":{"start":{"line":11,"column":26},"end":{"line":15,"column":null}},"2":{"start":{"line":18,"column":30},"end":{"line":21,"column":null}},"3":{"start":{"line":24,"column":33},"end":{"line":26,"column":null}},"4":{"start":{"line":28,"column":32},"end":{"line":31,"column":null}},"5":{"start":{"line":33,"column":28},"end":{"line":36,"column":null}},"6":{"start":{"line":39,"column":27},"end":{"line":44,"column":null}},"7":{"start":{"line":47,"column":27},"end":{"line":51,"column":null}},"8":{"start":{"line":53,"column":31},"end":{"line":56,"column":null}},"9":{"start":{"line":59,"column":27},"end":{"line":63,"column":null}},"10":{"start":{"line":66,"column":26},"end":{"line":70,"column":null}},"11":{"start":{"line":73,"column":27},"end":{"line":77,"column":null}},"12":{"start":{"line":79,"column":31},"end":{"line":82,"column":null}},"13":{"start":{"line":84,"column":26},"end":{"line":87,"column":null}},"14":{"start":{"line":90,"column":40},"end":{"line":94,"column":null}},"15":{"start":{"line":97,"column":27},"end":{"line":100,"column":null}},"16":{"start":{"line":103,"column":25},"end":{"line":107,"column":null}},"17":{"start":{"line":109,"column":30},"end":{"line":111,"column":null}},"18":{"start":{"line":114,"column":35},"end":{"line":116,"column":null}},"19":{"start":{"line":118,"column":38},"end":{"line":120,"column":null}},"20":{"start":{"line":123,"column":27},"end":{"line":125,"column":null}},"21":{"start":{"line":128,"column":34},"end":{"line":128,"column":null}},"22":{"start":{"line":130,"column":30},"end":{"line":133,"column":null}},"23":{"start":{"line":135,"column":27},"end":{"line":138,"column":null}},"24":{"start":{"line":141,"column":34},"end":{"line":143,"column":null}},"25":{"start":{"line":145,"column":28},"end":{"line":148,"column":null}}},"fnMap":{},"branchMap":{},"s":{"0":2,"1":2,"2":2,"3":2,"4":2,"5":2,"6":2,"7":2,"8":2,"9":2,"10":2,"11":2,"12":2,"13":2,"14":2,"15":2,"16":2,"17":2,"18":2,"19":2,"20":2,"21":2,"22":2,"23":2,"24":2,"25":2},"f":{},"b":{},"meta":{"lastBranch":0,"lastFunction":0,"lastStatement":26,"seen":{"s:1:28:8:Infinity":0,"s:11:26:15:Infinity":1,"s:18:30:21:Infinity":2,"s:24:33:26:Infinity":3,"s:28:32:31:Infinity":4,"s:33:28:36:Infinity":5,"s:39:27:44:Infinity":6,"s:47:27:51:Infinity":7,"s:53:31:56:Infinity":8,"s:59:27:63:Infinity":9,"s:66:26:70:Infinity":10,"s:73:27:77:Infinity":11,"s:79:31:82:Infinity":12,"s:84:26:87:Infinity":13,"s:90:40:94:Infinity":14,"s:97:27:100:Infinity":15,"s:103:25:107:Infinity":16,"s:109:30:111:Infinity":17,"s:114:35:116:Infinity":18,"s:118:38:120:Infinity":19,"s:123:27:125:Infinity":20,"s:128:34:128:Infinity":21,"s:130:30:133:Infinity":22,"s:135:27:138:Infinity":23,"s:141:34:143:Infinity":24,"s:145:28:148:Infinity":25}}}
,"C:\\Users\\nicje\\OneDrive\\Documentos\\Proyecto 2026\\Dr Milton Mairena\\Historia-Clinica-main\\src\\components\\ObesityHistoryModal.tsx": {"path":"C:\\Users\\nicje\\OneDrive\\Documentos\\Proyecto 2026\\Dr Milton Mairena\\Historia-Clinica-main\\src\\components\\ObesityHistoryModal.tsx","statementMap":{"0":{"start":{"line":16,"column":37},"end":{"line":34,"column":null}},"1":{"start":{"line":36,"column":71},"end":{"line":227,"column":null}},"2":{"start":{"line":37,"column":24},"end":{"line":37,"column":null}},"3":{"start":{"line":39,"column":4},"end":{"line":45,"column":null}},"4":{"start":{"line":40,"column":8},"end":{"line":44,"column":null}},"5":{"start":{"line":42,"column":28},"end":{"line":42,"column":null}},"6":{"start":{"line":43,"column":12},"end":{"line":43,"column":null}},"7":{"start":{"line":47,"column":23},"end":{"line":49,"column":null}},"8":{"start":{"line":48,"column":8},"end":{"line":48,"column":null}},"9":{"start":{"line":48,"column":25},"end":{"line":48,"column":51}},"10":{"start":{"line":51,"column":24},"end":{"line":61,"column":null}},"11":{"start":{"line":52,"column":8},"end":{"line":60,"column":null}},"12":{"start":{"line":53,"column":28},"end":{"line":53,"column":null}},"13":{"start":{"line":54,"column":28},"end":{"line":54,"column":null}},"14":{"start":{"line":55,"column":12},"end":{"line":58,"column":null}},"15":{"start":{"line":56,"column":16},"end":{"line":56,"column":null}},"16":{"start":{"line":56,"column":37},"end":{"line":56,"column":null}},"17":{"start":{"line":57,"column":16},"end":{"line":57,"column":null}},"18":{"start":{"line":57,"column":36},"end":{"line":57,"column":null}},"19":{"start":{"line":59,"column":12},"end":{"line":59,"column":null}},"20":{"start":{"line":63,"column":23},"end":{"line":65,"column":null}},"21":{"start":{"line":64,"column":8},"end":{"line":64,"column":null}},"22":{"start":{"line":67,"column":4},"end":{"line":67,"column":null}},"23":{"start":{"line":67,"column":17},"end":{"line":67,"column":null}},"24":{"start":{"line":69,"column":4},"end":{"line":225,"column":null}},"25":{"start":{"line":93,"column":48},"end":{"line":96,"column":null}},"26":{"start":{"line":97,"column":36},"end":{"line":106,"column":null}},"27":{"start":{"line":102,"column":63},"end":{"line":102,"column":null}},"28":{"start":{"line":113,"column":47},"end":{"line":113,"column":null}},"29":{"start":{"line":121,"column":148},"end":{"line":121,"column":194}},"30":{"start":{"line":124,"column":122},"end":{"line":124,"column":199}},"31":{"start":{"line":131,"column":153},"end":{"line":131,"column":203}},"32":{"start":{"line":134,"column":126},"end":{"line":134,"column":211}},"33":{"start":{"line":141,"column":139},"end":{"line":141,"column":190}},"34":{"start":{"line":144,"column":128},"end":{"line":144,"column":217}},"35":{"start":{"line":151,"column":141},"end":{"line":151,"column":186}},"36":{"start":{"line":154,"column":124},"end":{"line":154,"column":201}},"37":{"start":{"line":161,"column":121},"end":{"line":161,"column":162}},"38":{"start":{"line":162,"column":121},"end":{"line":162,"column":162}},"39":{"start":{"line":165,"column":109},"end":{"line":165,"column":153}},"40":{"start":{"line":170,"column":121},"end":{"line":170,"column":170}},"41":{"start":{"line":173,"column":126},"end":{"line":173,"column":211}},"42":{"start":{"line":180,"column":120},"end":{"line":180,"column":168}},"43":{"start":{"line":183,"column":125},"end":{"line":183,"column":208}},"44":{"start":{"line":190,"column":144},"end":{"line":190,"column":200}},"45":{"start":{"line":193,"column":131},"end":{"line":193,"column":228}},"46":{"start":{"line":201,"column":110},"end":{"line":201,"column":178}},"47":{"start":{"line":202,"column":123},"end":{"line":202,"column":198}},"48":{"start":{"line":203,"column":114},"end":{"line":203,"column":186}},"49":{"start":{"line":205,"column":116},"end":{"line":205,"column":188}},"50":{"start":{"line":206,"column":137},"end":{"line":206,"column":223}},"51":{"start":{"line":207,"column":137},"end":{"line":207,"column":222}},"52":{"start":{"line":209,"column":124},"end":{"line":209,"column":199}},"53":{"start":{"line":210,"column":115},"end":{"line":210,"column":187}}},"fnMap":{"0":{"name":"(anonymous_0)","decl":{"start":{"line":36,"column":71},"end":{"line":36,"column":72}},"loc":{"start":{"line":36,"column":117},"end":{"line":227,"column":null}},"line":36},"1":{"name":"(anonymous_1)","decl":{"start":{"line":39,"column":14},"end":{"line":39,"column":20}},"loc":{"start":{"line":39,"column":20},"end":{"line":45,"column":7}},"line":39},"2":{"name":"(anonymous_2)","decl":{"start":{"line":47,"column":23},"end":{"line":47,"column":24}},"loc":{"start":{"line":47,"column":66},"end":{"line":49,"column":null}},"line":47},"3":{"name":"(anonymous_3)","decl":{"start":{"line":48,"column":16},"end":{"line":48,"column":25}},"loc":{"start":{"line":48,"column":25},"end":{"line":48,"column":51}},"line":48},"4":{"name":"(anonymous_4)","decl":{"start":{"line":51,"column":24},"end":{"line":51,"column":25}},"loc":{"start":{"line":51,"column":86},"end":{"line":61,"column":null}},"line":51},"5":{"name":"(anonymous_5)","decl":{"start":{"line":52,"column":16},"end":{"line":52,"column":24}},"loc":{"start":{"line":52,"column":24},"end":{"line":60,"column":9}},"line":52},"6":{"name":"(anonymous_6)","decl":{"start":{"line":63,"column":23},"end":{"line":63,"column":29}},"loc":{"start":{"line":63,"column":29},"end":{"line":65,"column":null}},"line":63},"7":{"name":"(anonymous_7)","decl":{"start":{"line":92,"column":100},"end":{"line":92,"column":109}},"loc":{"start":{"line":92,"column":109},"end":{"line":108,"column":33}},"line":92},"8":{"name":"(anonymous_8)","decl":{"start":{"line":102,"column":58},"end":{"line":102,"column":63}},"loc":{"start":{"line":102,"column":63},"end":{"line":102,"column":null}},"line":102},"9":{"name":"(anonymous_9)","decl":{"start":{"line":113,"column":42},"end":{"line":113,"column":47}},"loc":{"start":{"line":113,"column":47},"end":{"line":113,"column":null}},"line":113},"10":{"name":"(anonymous_10)","decl":{"start":{"line":121,"column":138},"end":{"line":121,"column":139}},"loc":{"start":{"line":121,"column":148},"end":{"line":121,"column":194}},"line":121},"11":{"name":"(anonymous_11)","decl":{"start":{"line":124,"column":117},"end":{"line":124,"column":122}},"loc":{"start":{"line":124,"column":122},"end":{"line":124,"column":199}},"line":124},"12":{"name":"(anonymous_12)","decl":{"start":{"line":131,"column":143},"end":{"line":131,"column":144}},"loc":{"start":{"line":131,"column":153},"end":{"line":131,"column":203}},"line":131},"13":{"name":"(anonymous_13)","decl":{"start":{"line":134,"column":121},"end":{"line":134,"column":126}},"loc":{"start":{"line":134,"column":126},"end":{"line":134,"column":211}},"line":134},"14":{"name":"(anonymous_14)","decl":{"start":{"line":141,"column":129},"end":{"line":141,"column":130}},"loc":{"start":{"line":141,"column":139},"end":{"line":141,"column":190}},"line":141},"15":{"name":"(anonymous_15)","decl":{"start":{"line":144,"column":123},"end":{"line":144,"column":128}},"loc":{"start":{"line":144,"column":128},"end":{"line":144,"column":217}},"line":144},"16":{"name":"(anonymous_16)","decl":{"start":{"line":151,"column":131},"end":{"line":151,"column":132}},"loc":{"start":{"line":151,"column":141},"end":{"line":151,"column":186}},"line":151},"17":{"name":"(anonymous_17)","decl":{"start":{"line":154,"column":119},"end":{"line":154,"column":124}},"loc":{"start":{"line":154,"column":124},"end":{"line":154,"column":201}},"line":154},"18":{"name":"(anonymous_18)","decl":{"start":{"line":161,"column":116},"end":{"line":161,"column":121}},"loc":{"start":{"line":161,"column":121},"end":{"line":161,"column":162}},"line":161},"19":{"name":"(anonymous_19)","decl":{"start":{"line":162,"column":116},"end":{"line":162,"column":121}},"loc":{"start":{"line":162,"column":121},"end":{"line":162,"column":162}},"line":162},"20":{"name":"(anonymous_20)","decl":{"start":{"line":165,"column":104},"end":{"line":165,"column":109}},"loc":{"start":{"line":165,"column":109},"end":{"line":165,"column":153}},"line":165},"21":{"name":"(anonymous_21)","decl":{"start":{"line":170,"column":111},"end":{"line":170,"column":112}},"loc":{"start":{"line":170,"column":121},"end":{"line":170,"column":170}},"line":170},"22":{"name":"(anonymous_22)","decl":{"start":{"line":173,"column":121},"end":{"line":173,"column":126}},"loc":{"start":{"line":173,"column":126},"end":{"line":173,"column":211}},"line":173},"23":{"name":"(anonymous_23)","decl":{"start":{"line":180,"column":110},"end":{"line":180,"column":111}},"loc":{"start":{"line":180,"column":120},"end":{"line":180,"column":168}},"line":180},"24":{"name":"(anonymous_24)","decl":{"start":{"line":183,"column":120},"end":{"line":183,"column":125}},"loc":{"start":{"line":183,"column":125},"end":{"line":183,"column":208}},"line":183},"25":{"name":"(anonymous_25)","decl":{"start":{"line":190,"column":134},"end":{"line":190,"column":135}},"loc":{"start":{"line":190,"column":144},"end":{"line":190,"column":200}},"line":190},"26":{"name":"(anonymous_26)","decl":{"start":{"line":193,"column":126},"end":{"line":193,"column":131}},"loc":{"start":{"line":193,"column":131},"end":{"line":193,"column":228}},"line":193},"27":{"name":"(anonymous_27)","decl":{"start":{"line":201,"column":105},"end":{"line":201,"column":110}},"loc":{"start":{"line":201,"column":110},"end":{"line":201,"column":178}},"line":201},"28":{"name":"(anonymous_28)","decl":{"start":{"line":202,"column":118},"end":{"line":202,"column":123}},"loc":{"start":{"line":202,"column":123},"end":{"line":202,"column":198}},"line":202},"29":{"name":"(anonymous_29)","decl":{"start":{"line":203,"column":109},"end":{"line":203,"column":114}},"loc":{"start":{"line":203,"column":114},"end":{"line":203,"column":186}},"line":203},"30":{"name":"(anonymous_30)","decl":{"start":{"line":205,"column":111},"end":{"line":205,"column":116}},"loc":{"start":{"line":205,"column":116},"end":{"line":205,"column":188}},"line":205},"31":{"name":"(anonymous_31)","decl":{"start":{"line":206,"column":132},"end":{"line":206,"column":137}},"loc":{"start":{"line":206,"column":137},"end":{"line":206,"column":223}},"line":206},"32":{"name":"(anonymous_32)","decl":{"start":{"line":207,"column":132},"end":{"line":207,"column":137}},"loc":{"start":{"line":207,"column":137},"end":{"line":207,"column":222}},"line":207},"33":{"name":"(anonymous_33)","decl":{"start":{"line":209,"column":119},"end":{"line":209,"column":124}},"loc":{"start":{"line":209,"column":124},"end":{"line":209,"column":199}},"line":209},"34":{"name":"(anonymous_34)","decl":{"start":{"line":210,"column":110},"end":{"line":210,"column":115}},"loc":{"start":{"line":210,"column":115},"end":{"line":210,"column":187}},"line":210}},"branchMap":{"0":{"loc":{"start":{"line":40,"column":8},"end":{"line":44,"column":null}},"type":"if","locations":[{"start":{"line":40,"column":8},"end":{"line":44,"column":null}},{"start":{},"end":{}}],"line":40},"1":{"loc":{"start":{"line":42,"column":28},"end":{"line":42,"column":null}},"type":"binary-expr","locations":[{"start":{"line":42,"column":28},"end":{"line":42,"column":43}},{"start":{"line":42,"column":43},"end":{"line":42,"column":82}},{"start":{"line":42,"column":82},"end":{"line":42,"column":null}}],"line":42},"2":{"loc":{"start":{"line":43,"column":20},"end":{"line":43,"column":56}},"type":"cond-expr","locations":[{"start":{"line":43,"column":30},"end":{"line":43,"column":44}},{"start":{"line":43,"column":44},"end":{"line":43,"column":56}}],"line":43},"3":{"loc":{"start":{"line":55,"column":12},"end":{"line":58,"column":null}},"type":"if","locations":[{"start":{"line":55,"column":12},"end":{"line":58,"column":null}},{"start":{},"end":{}}],"line":55},"4":{"loc":{"start":{"line":56,"column":16},"end":{"line":56,"column":null}},"type":"if","locations":[{"start":{"line":56,"column":16},"end":{"line":56,"column":null}},{"start":{},"end":{}}],"line":56},"5":{"loc":{"start":{"line":57,"column":16},"end":{"line":57,"column":null}},"type":"if","locations":[{"start":{"line":57,"column":16},"end":{"line":57,"column":null}},{"start":{},"end":{}}],"line":57},"6":{"loc":{"start":{"line":67,"column":4},"end":{"line":67,"column":null}},"type":"if","locations":[{"start":{"line":67,"column":4},"end":{"line":67,"column":null}},{"start":{},"end":{}}],"line":67},"7":{"loc":{"start":{"line":93,"column":48},"end":{"line":96,"column":null}},"type":"cond-expr","locations":[{"start":{"line":93,"column":68},"end":{"line":93,"column":null}},{"start":{"line":94,"column":40},"end":{"line":96,"column":null}}],"line":93},"8":{"loc":{"start":{"line":94,"column":40},"end":{"line":96,"column":null}},"type":"cond-expr","locations":[{"start":{"line":94,"column":63},"end":{"line":94,"column":null}},{"start":{"line":95,"column":44},"end":{"line":96,"column":null}}],"line":94},"9":{"loc":{"start":{"line":95,"column":44},"end":{"line":96,"column":null}},"type":"cond-expr","locations":[{"start":{"line":95,"column":67},"end":{"line":95,"column":null}},{"start":{"line":96,"column":48},"end":{"line":96,"column":null}}],"line":95},"10":{"loc":{"start":{"line":96,"column":48},"end":{"line":96,"column":null}},"type":"cond-expr","locations":[{"start":{"line":96,"column":73},"end":{"line":96,"column":87}},{"start":{"line":96,"column":87},"end":{"line":96,"column":null}}],"line":96},"11":{"loc":{"start":{"line":122,"column":33},"end":{"line":125,"column":null}},"type":"binary-expr","locations":[{"start":{"line":122,"column":33},"end":{"line":122,"column":null}},{"start":{"line":123,"column":36},"end":{"line":125,"column":null}}],"line":122},"12":{"loc":{"start":{"line":132,"column":33},"end":{"line":135,"column":null}},"type":"binary-expr","locations":[{"start":{"line":132,"column":33},"end":{"line":132,"column":null}},{"start":{"line":133,"column":36},"end":{"line":135,"column":null}}],"line":132},"13":{"loc":{"start":{"line":142,"column":33},"end":{"line":145,"column":null}},"type":"binary-expr","locations":[{"start":{"line":142,"column":33},"end":{"line":142,"column":null}},{"start":{"line":143,"column":36},"end":{"line":145,"column":null}}],"line":142},"14":{"loc":{"start":{"line":152,"column":33},"end":{"line":155,"column":null}},"type":"binary-expr","locations":[{"start":{"line":152,"column":33},"end":{"line":152,"column":null}},{"start":{"line":153,"column":36},"end":{"line":155,"column":null}}],"line":152},"15":{"loc":{"start":{"line":171,"column":33},"end":{"line":174,"column":null}},"type":"binary-expr","locations":[{"start":{"line":171,"column":33},"end":{"line":171,"column":null}},{"start":{"line":172,"column":36},"end":{"line":174,"column":null}}],"line":171},"16":{"loc":{"start":{"line":181,"column":33},"end":{"line":184,"column":null}},"type":"binary-expr","locations":[{"start":{"line":181,"column":33},"end":{"line":181,"column":null}},{"start":{"line":182,"column":36},"end":{"line":184,"column":null}}],"line":181},"17":{"loc":{"start":{"line":191,"column":33},"end":{"line":194,"column":null}},"type":"binary-expr","locations":[{"start":{"line":191,"column":33},"end":{"line":191,"column":null}},{"start":{"line":192,"column":36},"end":{"line":194,"column":null}}],"line":191}},"s":{"0":2,"1":2,"2":6,"3":6,"4":3,"5":0,"6":0,"7":6,"8":0,"9":0,"10":6,"11":0,"12":0,"13":0,"14":0,"15":0,"16":0,"17":0,"18":0,"19":0,"20":6,"21":0,"22":6,"23":6,"24":0,"25":0,"26":0,"27":0,"28":0,"29":0,"30":0,"31":0,"32":0,"33":0,"34":0,"35":0,"36":0,"37":0,"38":0,"39":0,"40":0,"41":0,"42":0,"43":0,"44":0,"45":0,"46":0,"47":0,"48":0,"49":0,"50":0,"51":0,"52":0,"53":0},"f":{"0":6,"1":3,"2":0,"3":0,"4":0,"5":0,"6":0,"7":0,"8":0,"9":0,"10":0,"11":0,"12":0,"13":0,"14":0,"15":0,"16":0,"17":0,"18":0,"19":0,"20":0,"21":0,"22":0,"23":0,"24":0,"25":0,"26":0,"27":0,"28":0,"29":0,"30":0,"31":0,"32":0,"33":0,"34":0},"b":{"0":[0,3],"1":[0,0,0],"2":[0,0],"3":[0,0],"4":[0,0],"5":[0,0],"6":[6,0],"7":[0,0],"8":[0,0],"9":[0,0],"10":[0,0],"11":[0,0],"12":[6,0],"13":[6,0],"14":[6,0],"15":[6,0],"16":[6,0],"17":[6,0]},"meta":{"lastBranch":18,"lastFunction":35,"lastStatement":54,"seen":{"s:16:37:34:Infinity":0,"s:36:71:227:Infinity":1,"f:36:71:36:72":0,"s:37:24:37:Infinity":2,"s:39:4:45:Infinity":3,"f:39:14:39:20":1,"b:40:8:44:Infinity:undefined:undefined:undefined:undefined":0,"s:40:8:44:Infinity":4,"s:42:28:42:Infinity":5,"b:42:28:42:43:42:43:42:82:42:82:42:Infinity":1,"s:43:12:43:Infinity":6,"b:43:30:43:44:43:44:43:56":2,"s:47:23:49:Infinity":7,"f:47:23:47:24":2,"s:48:8:48:Infinity":8,"f:48:16:48:25":3,"s:48:25:48:51":9,"s:51:24:61:Infinity":10,"f:51:24:51:25":4,"s:52:8:60:Infinity":11,"f:52:16:52:24":5,"s:53:28:53:Infinity":12,"s:54:28:54:Infinity":13,"b:55:12:58:Infinity:undefined:undefined:undefined:undefined":3,"s:55:12:58:Infinity":14,"b:56:16:56:Infinity:undefined:undefined:undefined:undefined":4,"s:56:16:56:Infinity":15,"s:56:37:56:Infinity":16,"b:57:16:57:Infinity:undefined:undefined:undefined:undefined":5,"s:57:16:57:Infinity":17,"s:57:36:57:Infinity":18,"s:59:12:59:Infinity":19,"s:63:23:65:Infinity":20,"f:63:23:63:29":6,"s:64:8:64:Infinity":21,"b:67:4:67:Infinity:undefined:undefined:undefined:undefined":6,"s:67:4:67:Infinity":22,"s:67:17:67:Infinity":23,"s:69:4:225:Infinity":24,"f:92:100:92:109":7,"s:93:48:96:Infinity":25,"b:93:68:93:Infinity:94:40:96:Infinity":7,"b:94:63:94:Infinity:95:44:96:Infinity":8,"b:95:67:95:Infinity:96:48:96:Infinity":9,"b:96:73:96:87:96:87:96:Infinity":10,"s:97:36:106:Infinity":26,"f:102:58:102:63":8,"s:102:63:102:Infinity":27,"f:113:42:113:47":9,"s:113:47:113:Infinity":28,"f:121:138:121:139":10,"s:121:148:121:194":29,"b:122:33:122:Infinity:123:36:125:Infinity":11,"f:124:117:124:122":11,"s:124:122:124:199":30,"f:131:143:131:144":12,"s:131:153:131:203":31,"b:132:33:132:Infinity:133:36:135:Infinity":12,"f:134:121:134:126":13,"s:134:126:134:211":32,"f:141:129:141:130":14,"s:141:139:141:190":33,"b:142:33:142:Infinity:143:36:145:Infinity":13,"f:144:123:144:128":15,"s:144:128:144:217":34,"f:151:131:151:132":16,"s:151:141:151:186":35,"b:152:33:152:Infinity:153:36:155:Infinity":14,"f:154:119:154:124":17,"s:154:124:154:201":36,"f:161:116:161:121":18,"s:161:121:161:162":37,"f:162:116:162:121":19,"s:162:121:162:162":38,"f:165:104:165:109":20,"s:165:109:165:153":39,"f:170:111:170:112":21,"s:170:121:170:170":40,"b:171:33:171:Infinity:172:36:174:Infinity":15,"f:173:121:173:126":22,"s:173:126:173:211":41,"f:180:110:180:111":23,"s:180:120:180:168":42,"b:181:33:181:Infinity:182:36:184:Infinity":16,"f:183:120:183:125":24,"s:183:125:183:208":43,"f:190:134:190:135":25,"s:190:144:190:200":44,"b:191:33:191:Infinity:192:36:194:Infinity":17,"f:193:126:193:131":26,"s:193:131:193:228":45,"f:201:105:201:110":27,"s:201:110:201:178":46,"f:202:118:202:123":28,"s:202:123:202:198":47,"f:203:109:203:114":29,"s:203:114:203:186":48,"f:205:111:205:116":30,"s:205:116:205:188":49,"f:206:132:206:137":31,"s:206:137:206:223":50,"f:207:132:207:137":32,"s:207:137:207:222":51,"f:209:119:209:124":33,"s:209:124:209:199":52,"f:210:110:210:115":34,"s:210:115:210:187":53}}}
,"C:\\Users\\nicje\\OneDrive\\Documentos\\Proyecto 2026\\Dr Milton Mairena\\Historia-Clinica-main\\src\\components\\premium-ui\\DatePicker.tsx": {"path":"C:\\Users\\nicje\\OneDrive\\Documentos\\Proyecto 2026\\Dr Milton Mairena\\Historia-Clinica-main\\src\\components\\premium-ui\\DatePicker.tsx","statementMap":{"0":{"start":{"line":8,"column":0},"end":{"line":8,"column":null}},"1":{"start":{"line":24,"column":53},"end":{"line":152,"column":null}},"2":{"start":{"line":37,"column":15},"end":{"line":37,"column":null}},"3":{"start":{"line":38,"column":4},"end":{"line":150,"column":null}},"4":{"start":{"line":73,"column":24},"end":{"line":110,"column":null}},"5":{"start":{"line":81,"column":73},"end":{"line":81,"column":null}},"6":{"start":{"line":85,"column":40},"end":{"line":87,"column":null}},"7":{"start":{"line":93,"column":73},"end":{"line":93,"column":null}},"8":{"start":{"line":100,"column":40},"end":{"line":102,"column":null}}},"fnMap":{"0":{"name":"(anonymous_0)","decl":{"start":{"line":24,"column":53},"end":{"line":24,"column":54}},"loc":{"start":{"line":36,"column":6},"end":{"line":152,"column":null}},"line":36},"1":{"name":"(anonymous_1)","decl":{"start":{"line":64,"column":40},"end":{"line":64,"column":41}},"loc":{"start":{"line":73,"column":24},"end":{"line":110,"column":null}},"line":73},"2":{"name":"(anonymous_2)","decl":{"start":{"line":81,"column":46},"end":{"line":81,"column":47}},"loc":{"start":{"line":81,"column":73},"end":{"line":81,"column":null}},"line":81},"3":{"name":"(anonymous_3)","decl":{"start":{"line":84,"column":69},"end":{"line":84,"column":70}},"loc":{"start":{"line":85,"column":40},"end":{"line":87,"column":null}},"line":85},"4":{"name":"(anonymous_4)","decl":{"start":{"line":93,"column":46},"end":{"line":93,"column":47}},"loc":{"start":{"line":93,"column":73},"end":{"line":93,"column":null}},"line":93},"5":{"name":"(anonymous_5)","decl":{"start":{"line":99,"column":42},"end":{"line":99,"column":43}},"loc":{"start":{"line":100,"column":40},"end":{"line":102,"column":null}},"line":100}},"branchMap":{"0":{"loc":{"start":{"line":30,"column":4},"end":{"line":30,"column":null}},"type":"default-arg","locations":[{"start":{"line":30,"column":16},"end":{"line":30,"column":null}}],"line":30},"1":{"loc":{"start":{"line":31,"column":4},"end":{"line":31,"column":null}},"type":"default-arg","locations":[{"start":{"line":31,"column":18},"end":{"line":31,"column":null}}],"line":31},"2":{"loc":{"start":{"line":34,"column":4},"end":{"line":34,"column":null}},"type":"default-arg","locations":[{"start":{"line":34,"column":23},"end":{"line":34,"column":null}}],"line":34},"3":{"loc":{"start":{"line":35,"column":4},"end":{"line":35,"column":null}},"type":"default-arg","locations":[{"start":{"line":35,"column":24},"end":{"line":35,"column":null}}],"line":35},"4":{"loc":{"start":{"line":41,"column":25},"end":{"line":41,"column":null}},"type":"binary-expr","locations":[{"start":{"line":41,"column":25},"end":{"line":41,"column":37}},{"start":{"line":41,"column":37},"end":{"line":41,"column":null}}],"line":41},"5":{"loc":{"start":{"line":43,"column":67},"end":{"line":43,"column":111}},"type":"cond-expr","locations":[{"start":{"line":43,"column":75},"end":{"line":43,"column":94}},{"start":{"line":43,"column":94},"end":{"line":43,"column":111}}],"line":43},"6":{"loc":{"start":{"line":114,"column":13},"end":{"line":114,"column":null}},"type":"binary-expr","locations":[{"start":{"line":114,"column":13},"end":{"line":114,"column":22}},{"start":{"line":114,"column":22},"end":{"line":114,"column":null}}],"line":114}},"s":{"0":1,"1":1,"2":5,"3":5,"4":0,"5":0,"6":0,"7":0,"8":0},"f":{"0":5,"1":0,"2":0,"3":0,"4":0,"5":0},"b":{"0":[5],"1":[5],"2":[5],"3":[5],"4":[5,5],"5":[0,5],"6":[5,0]},"meta":{"lastBranch":7,"lastFunction":6,"lastStatement":9,"seen":{"s:8:0:8:Infinity":0,"s:24:53:152:Infinity":1,"f:24:53:24:54":0,"b:30:16:30:Infinity":0,"b:31:18:31:Infinity":1,"b:34:23:34:Infinity":2,"b:35:24:35:Infinity":3,"s:37:15:37:Infinity":2,"s:38:4:150:Infinity":3,"b:41:25:41:37:41:37:41:Infinity":4,"b:43:75:43:94:43:94:43:111":5,"f:64:40:64:41":1,"s:73:24:110:Infinity":4,"f:81:46:81:47":2,"s:81:73:81:Infinity":5,"f:84:69:84:70":3,"s:85:40:87:Infinity":6,"f:93:46:93:47":4,"s:93:73:93:Infinity":7,"f:99:42:99:43":5,"s:100:40:102:Infinity":8,"b:114:13:114:22:114:22:114:Infinity":6}}}
,"C:\\Users\\nicje\\OneDrive\\Documentos\\Proyecto 2026\\Dr Milton Mairena\\Historia-Clinica-main\\src\\components\\premium-ui\\FloatingLabelInput.tsx": {"path":"C:\\Users\\nicje\\OneDrive\\Documentos\\Proyecto 2026\\Dr Milton Mairena\\Historia-Clinica-main\\src\\components\\premium-ui\\FloatingLabelInput.tsx","statementMap":{"0":{"start":{"line":17,"column":13},"end":{"line":169,"column":null}},"1":{"start":{"line":30,"column":34},"end":{"line":30,"column":null}},"2":{"start":{"line":31,"column":21},"end":{"line":31,"column":null}},"3":{"start":{"line":33,"column":4},"end":{"line":167,"column":null}},"4":{"start":{"line":88,"column":32},"end":{"line":88,"column":null}},"5":{"start":{"line":89,"column":32},"end":{"line":89,"column":null}},"6":{"start":{"line":92,"column":32},"end":{"line":92,"column":null}},"7":{"start":{"line":93,"column":32},"end":{"line":93,"column":null}},"8":{"start":{"line":107,"column":32},"end":{"line":107,"column":null}},"9":{"start":{"line":108,"column":32},"end":{"line":108,"column":null}},"10":{"start":{"line":111,"column":32},"end":{"line":111,"column":null}},"11":{"start":{"line":112,"column":32},"end":{"line":112,"column":null}},"12":{"start":{"line":171,"column":0},"end":{"line":171,"column":null}}},"fnMap":{"0":{"name":"(anonymous_0)","decl":{"start":{"line":17,"column":110},"end":{"line":17,"column":111}},"loc":{"start":{"line":29,"column":11},"end":{"line":169,"column":1}},"line":29},"1":{"name":"(anonymous_1)","decl":{"start":{"line":87,"column":37},"end":{"line":87,"column":38}},"loc":{"start":{"line":87,"column":44},"end":{"line":90,"column":null}},"line":87},"2":{"name":"(anonymous_2)","decl":{"start":{"line":91,"column":36},"end":{"line":91,"column":37}},"loc":{"start":{"line":91,"column":43},"end":{"line":94,"column":null}},"line":91},"3":{"name":"(anonymous_3)","decl":{"start":{"line":106,"column":37},"end":{"line":106,"column":38}},"loc":{"start":{"line":106,"column":44},"end":{"line":109,"column":null}},"line":106},"4":{"name":"(anonymous_4)","decl":{"start":{"line":110,"column":36},"end":{"line":110,"column":37}},"loc":{"start":{"line":110,"column":43},"end":{"line":113,"column":null}},"line":110}},"branchMap":{"0":{"loc":{"start":{"line":26,"column":4},"end":{"line":26,"column":null}},"type":"default-arg","locations":[{"start":{"line":26,"column":9},"end":{"line":26,"column":null}}],"line":26},"1":{"loc":{"start":{"line":31,"column":21},"end":{"line":31,"column":null}},"type":"binary-expr","locations":[{"start":{"line":31,"column":21},"end":{"line":31,"column":37}},{"start":{"line":31,"column":37},"end":{"line":31,"column":null}}],"line":31},"2":{"loc":{"start":{"line":36,"column":25},"end":{"line":36,"column":null}},"type":"cond-expr","locations":[{"start":{"line":36,"column":37},"end":{"line":36,"column":49}},{"start":{"line":36,"column":49},"end":{"line":36,"column":null}}],"line":36},"3":{"loc":{"start":{"line":44,"column":20},"end":{"line":44,"column":null}},"type":"cond-expr","locations":[{"start":{"line":44,"column":32},"end":{"line":44,"column":63}},{"start":{"line":44,"column":63},"end":{"line":44,"column":null}}],"line":44},"4":{"loc":{"start":{"line":45,"column":20},"end":{"line":45,"column":null}},"type":"cond-expr","locations":[{"start":{"line":45,"column":28},"end":{"line":45,"column":63}},{"start":{"line":45,"column":63},"end":{"line":45,"column":null}}],"line":45},"5":{"loc":{"start":{"line":46,"column":20},"end":{"line":46,"column":null}},"type":"cond-expr","locations":[{"start":{"line":46,"column":30},"end":{"line":46,"column":69}},{"start":{"line":46,"column":69},"end":{"line":46,"column":null}}],"line":46},"6":{"loc":{"start":{"line":51,"column":17},"end":{"line":60,"column":null}},"type":"binary-expr","locations":[{"start":{"line":51,"column":17},"end":{"line":51,"column":null}},{"start":{"line":52,"column":20},"end":{"line":60,"column":null}}],"line":51},"7":{"loc":{"start":{"line":54,"column":24},"end":{"line":54,"column":null}},"type":"cond-expr","locations":[{"start":{"line":54,"column":36},"end":{"line":54,"column":53}},{"start":{"line":54,"column":53},"end":{"line":54,"column":null}}],"line":54},"8":{"loc":{"start":{"line":55,"column":24},"end":{"line":55,"column":null}},"type":"cond-expr","locations":[{"start":{"line":55,"column":32},"end":{"line":55,"column":49}},{"start":{"line":55,"column":49},"end":{"line":55,"column":null}}],"line":55},"9":{"loc":{"start":{"line":56,"column":24},"end":{"line":56,"column":null}},"type":"cond-expr","locations":[{"start":{"line":56,"column":34},"end":{"line":56,"column":53}},{"start":{"line":56,"column":53},"end":{"line":56,"column":null}}],"line":56},"10":{"loc":{"start":{"line":57,"column":24},"end":{"line":57,"column":null}},"type":"cond-expr","locations":[{"start":{"line":57,"column":44},"end":{"line":57,"column":64}},{"start":{"line":57,"column":64},"end":{"line":57,"column":null}}],"line":57},"11":{"loc":{"start":{"line":63,"column":54},"end":{"line":63,"column":96}},"type":"cond-expr","locations":[{"start":{"line":63,"column":74},"end":{"line":63,"column":90}},{"start":{"line":63,"column":90},"end":{"line":63,"column":96}}],"line":63},"12":{"loc":{"start":{"line":67,"column":31},"end":{"line":67,"column":null}},"type":"cond-expr","locations":[{"start":{"line":67,"column":56},"end":{"line":67,"column":86}},{"start":{"line":67,"column":86},"end":{"line":67,"column":null}}],"line":67},"13":{"loc":{"start":{"line":67,"column":31},"end":{"line":67,"column":56}},"type":"binary-expr","locations":[{"start":{"line":67,"column":31},"end":{"line":67,"column":44}},{"start":{"line":67,"column":44},"end":{"line":67,"column":56}}],"line":67},"14":{"loc":{"start":{"line":67,"column":56},"end":{"line":67,"column":86}},"type":"cond-expr","locations":[{"start":{"line":67,"column":76},"end":{"line":67,"column":80}},{"start":{"line":67,"column":80},"end":{"line":67,"column":86}}],"line":67},"15":{"loc":{"start":{"line":67,"column":86},"end":{"line":67,"column":null}},"type":"cond-expr","locations":[{"start":{"line":67,"column":106},"end":{"line":67,"column":111}},{"start":{"line":67,"column":111},"end":{"line":67,"column":null}}],"line":67},"16":{"loc":{"start":{"line":68,"column":31},"end":{"line":68,"column":null}},"type":"cond-expr","locations":[{"start":{"line":68,"column":55},"end":{"line":68,"column":59}},{"start":{"line":68,"column":59},"end":{"line":68,"column":null}}],"line":68},"17":{"loc":{"start":{"line":68,"column":31},"end":{"line":68,"column":55}},"type":"binary-expr","locations":[{"start":{"line":68,"column":31},"end":{"line":68,"column":44}},{"start":{"line":68,"column":44},"end":{"line":68,"column":55}}],"line":68},"18":{"loc":{"start":{"line":69,"column":35},"end":{"line":69,"column":null}},"type":"cond-expr","locations":[{"start":{"line":69,"column":59},"end":{"line":69,"column":66}},{"start":{"line":69,"column":66},"end":{"line":69,"column":null}}],"line":69},"19":{"loc":{"start":{"line":69,"column":35},"end":{"line":69,"column":59}},"type":"binary-expr","locations":[{"start":{"line":69,"column":35},"end":{"line":69,"column":48}},{"start":{"line":69,"column":48},"end":{"line":69,"column":59}}],"line":69},"20":{"loc":{"start":{"line":70,"column":37},"end":{"line":70,"column":null}},"type":"cond-expr","locations":[{"start":{"line":70,"column":61},"end":{"line":70,"column":67}},{"start":{"line":70,"column":67},"end":{"line":70,"column":null}}],"line":70},"21":{"loc":{"start":{"line":70,"column":37},"end":{"line":70,"column":61}},"type":"binary-expr","locations":[{"start":{"line":70,"column":37},"end":{"line":70,"column":50}},{"start":{"line":70,"column":50},"end":{"line":70,"column":61}}],"line":70},"22":{"loc":{"start":{"line":75,"column":28},"end":{"line":75,"column":null}},"type":"cond-expr","locations":[{"start":{"line":75,"column":35},"end":{"line":75,"column":44}},{"start":{"line":75,"column":44},"end":{"line":75,"column":null}}],"line":75},"23":{"loc":{"start":{"line":76,"column":28},"end":{"line":76,"column":null}},"type":"cond-expr","locations":[{"start":{"line":76,"column":36},"end":{"line":76,"column":53}},{"start":{"line":76,"column":53},"end":{"line":76,"column":null}}],"line":76},"24":{"loc":{"start":{"line":82,"column":21},"end":{"line":120,"column":null}},"type":"cond-expr","locations":[{"start":{"line":83,"column":24},"end":{"line":101,"column":null}},{"start":{"line":103,"column":24},"end":{"line":120,"column":null}}],"line":82},"25":{"loc":{"start":{"line":86,"column":34},"end":{"line":86,"column":null}},"type":"binary-expr","locations":[{"start":{"line":86,"column":34},"end":{"line":86,"column":42}},{"start":{"line":86,"column":42},"end":{"line":86,"column":null}}],"line":86},"26":{"loc":{"start":{"line":97,"column":32},"end":{"line":97,"column":null}},"type":"cond-expr","locations":[{"start":{"line":97,"column":39},"end":{"line":97,"column":48}},{"start":{"line":97,"column":48},"end":{"line":97,"column":null}}],"line":97},"27":{"loc":{"start":{"line":116,"column":32},"end":{"line":116,"column":null}},"type":"cond-expr","locations":[{"start":{"line":116,"column":39},"end":{"line":116,"column":48}},{"start":{"line":116,"column":48},"end":{"line":116,"column":null}}],"line":116},"28":{"loc":{"start":{"line":125,"column":43},"end":{"line":125,"column":85}},"type":"cond-expr","locations":[{"start":{"line":125,"column":63},"end":{"line":125,"column":83}},{"start":{"line":125,"column":83},"end":{"line":125,"column":85}}],"line":125},"29":{"loc":{"start":{"line":127,"column":25},"end":{"line":136,"column":null}},"type":"binary-expr","locations":[{"start":{"line":127,"column":25},"end":{"line":127,"column":null}},{"start":{"line":128,"column":28},"end":{"line":136,"column":null}}],"line":127},"30":{"loc":{"start":{"line":138,"column":25},"end":{"line":147,"column":null}},"type":"binary-expr","locations":[{"start":{"line":138,"column":25},"end":{"line":138,"column":36}},{"start":{"line":138,"column":36},"end":{"line":138,"column":null}},{"start":{"line":139,"column":28},"end":{"line":147,"column":null}}],"line":138},"31":{"loc":{"start":{"line":155,"column":17},"end":{"line":164,"column":null}},"type":"binary-expr","locations":[{"start":{"line":155,"column":17},"end":{"line":155,"column":null}},{"start":{"line":156,"column":20},"end":{"line":164,"column":null}}],"line":155}},"s":{"0":2,"1":41,"2":41,"3":41,"4":0,"5":0,"6":0,"7":0,"8":0,"9":0,"10":0,"11":0,"12":2},"f":{"0":41,"1":0,"2":0,"3":0,"4":0},"b":{"0":[41],"1":[41,0],"2":[0,41],"3":[0,41],"4":[0,41],"5":[0,41],"6":[41,0],"7":[0,0],"8":[0,0],"9":[0,0],"10":[0,0],"11":[12,29],"12":[0,41],"13":[41,41],"14":[0,0],"15":[12,29],"16":[0,41],"17":[41,41],"18":[0,41],"19":[41,41],"20":[0,41],"21":[41,41],"22":[0,41],"23":[0,41],"24":[12,29],"25":[12,0],"26":[0,12],"27":[0,29],"28":[12,29],"29":[41,0],"30":[41,0,0],"31":[41,0]},"meta":{"lastBranch":32,"lastFunction":5,"lastStatement":13,"seen":{"s:17:13:169:Infinity":0,"f:17:110:17:111":0,"b:26:9:26:Infinity":0,"s:30:34:30:Infinity":1,"s:31:21:31:Infinity":2,"b:31:21:31:37:31:37:31:Infinity":1,"s:33:4:167:Infinity":3,"b:36:37:36:49:36:49:36:Infinity":2,"b:44:32:44:63:44:63:44:Infinity":3,"b:45:28:45:63:45:63:45:Infinity":4,"b:46:30:46:69:46:69:46:Infinity":5,"b:51:17:51:Infinity:52:20:60:Infinity":6,"b:54:36:54:53:54:53:54:Infinity":7,"b:55:32:55:49:55:49:55:Infinity":8,"b:56:34:56:53:56:53:56:Infinity":9,"b:57:44:57:64:57:64:57:Infinity":10,"b:63:74:63:90:63:90:63:96":11,"b:67:56:67:86:67:86:67:Infinity":12,"b:67:31:67:44:67:44:67:56":13,"b:67:76:67:80:67:80:67:86":14,"b:67:106:67:111:67:111:67:Infinity":15,"b:68:55:68:59:68:59:68:Infinity":16,"b:68:31:68:44:68:44:68:55":17,"b:69:59:69:66:69:66:69:Infinity":18,"b:69:35:69:48:69:48:69:59":19,"b:70:61:70:67:70:67:70:Infinity":20,"b:70:37:70:50:70:50:70:61":21,"b:75:35:75:44:75:44:75:Infinity":22,"b:76:36:76:53:76:53:76:Infinity":23,"b:83:24:101:Infinity:103:24:120:Infinity":24,"b:86:34:86:42:86:42:86:Infinity":25,"f:87:37:87:38":1,"s:88:32:88:Infinity":4,"s:89:32:89:Infinity":5,"f:91:36:91:37":2,"s:92:32:92:Infinity":6,"s:93:32:93:Infinity":7,"b:97:39:97:48:97:48:97:Infinity":26,"f:106:37:106:38":3,"s:107:32:107:Infinity":8,"s:108:32:108:Infinity":9,"f:110:36:110:37":4,"s:111:32:111:Infinity":10,"s:112:32:112:Infinity":11,"b:116:39:116:48:116:48:116:Infinity":27,"b:125:63:125:83:125:83:125:85":28,"b:127:25:127:Infinity:128:28:136:Infinity":29,"b:138:25:138:36:138:36:138:Infinity:139:28:147:Infinity":30,"b:155:17:155:Infinity:156:20:164:Infinity":31,"s:171:0:171:Infinity":12}}}
,"C:\\Users\\nicje\\OneDrive\\Documentos\\Proyecto 2026\\Dr Milton Mairena\\Historia-Clinica-main\\src\\components\\ui\\FormComponents.tsx": {"path":"C:\\Users\\nicje\\OneDrive\\Documentos\\Proyecto 2026\\Dr Milton Mairena\\Historia-Clinica-main\\src\\components\\ui\\FormComponents.tsx","statementMap":{"0":{"start":{"line":6,"column":20},"end":{"line":6,"column":null}},"1":{"start":{"line":7,"column":31},"end":{"line":7,"column":null}},"2":{"start":{"line":8,"column":28},"end":{"line":8,"column":null}},"3":{"start":{"line":10,"column":28},"end":{"line":33,"column":null}},"4":{"start":{"line":15,"column":4},"end":{"line":33,"column":null}},"5":{"start":{"line":17,"column":30},"end":{"line":17,"column":null}},"6":{"start":{"line":18,"column":12},"end":{"line":30,"column":null}},"7":{"start":{"line":26,"column":41},"end":{"line":26,"column":null}},"8":{"start":{"line":36,"column":28},"end":{"line":46,"column":null}},"9":{"start":{"line":37,"column":4},"end":{"line":46,"column":null}},"10":{"start":{"line":49,"column":21},"end":{"line":61,"column":null}},"11":{"start":{"line":55,"column":4},"end":{"line":61,"column":null}},"12":{"start":{"line":58,"column":72},"end":{"line":58,"column":101}},"13":{"start":{"line":59,"column":71},"end":{"line":59,"column":98}},"14":{"start":{"line":64,"column":35},"end":{"line":150,"column":null}},"15":{"start":{"line":69,"column":25},"end":{"line":86,"column":null}},"16":{"start":{"line":70,"column":22},"end":{"line":70,"column":null}},"17":{"start":{"line":73,"column":8},"end":{"line":77,"column":null}},"18":{"start":{"line":74,"column":12},"end":{"line":74,"column":null}},"19":{"start":{"line":75,"column":8},"end":{"line":77,"column":null}},"20":{"start":{"line":76,"column":12},"end":{"line":76,"column":null}},"21":{"start":{"line":79,"column":8},"end":{"line":85,"column":null}},"22":{"start":{"line":88,"column":4},"end":{"line":148,"column":null}},"23":{"start":{"line":95,"column":24},"end":{"line":104,"column":null}},"24":{"start":{"line":101,"column":49},"end":{"line":101,"column":null}},"25":{"start":{"line":121,"column":28},"end":{"line":143,"column":null}},"26":{"start":{"line":125,"column":486},"end":{"line":125,"column":533}},"27":{"start":{"line":130,"column":484},"end":{"line":130,"column":533}},"28":{"start":{"line":139,"column":59},"end":{"line":139,"column":null}}},"fnMap":{"0":{"name":"(anonymous_0)","decl":{"start":{"line":10,"column":28},"end":{"line":10,"column":29}},"loc":{"start":{"line":15,"column":4},"end":{"line":33,"column":null}},"line":15},"1":{"name":"(anonymous_1)","decl":{"start":{"line":16,"column":19},"end":{"line":16,"column":27}},"loc":{"start":{"line":16,"column":27},"end":{"line":32,"column":9}},"line":16},"2":{"name":"(anonymous_2)","decl":{"start":{"line":26,"column":34},"end":{"line":26,"column":35}},"loc":{"start":{"line":26,"column":41},"end":{"line":26,"column":null}},"line":26},"3":{"name":"(anonymous_3)","decl":{"start":{"line":36,"column":28},"end":{"line":36,"column":29}},"loc":{"start":{"line":37,"column":4},"end":{"line":46,"column":null}},"line":37},"4":{"name":"(anonymous_4)","decl":{"start":{"line":49,"column":21},"end":{"line":49,"column":22}},"loc":{"start":{"line":55,"column":4},"end":{"line":61,"column":null}},"line":55},"5":{"name":"(anonymous_5)","decl":{"start":{"line":58,"column":66},"end":{"line":58,"column":72}},"loc":{"start":{"line":58,"column":72},"end":{"line":58,"column":101}},"line":58},"6":{"name":"(anonymous_6)","decl":{"start":{"line":59,"column":65},"end":{"line":59,"column":71}},"loc":{"start":{"line":59,"column":71},"end":{"line":59,"column":98}},"line":59},"7":{"name":"(anonymous_7)","decl":{"start":{"line":64,"column":35},"end":{"line":64,"column":36}},"loc":{"start":{"line":68,"column":6},"end":{"line":150,"column":null}},"line":68},"8":{"name":"(anonymous_8)","decl":{"start":{"line":69,"column":25},"end":{"line":69,"column":26}},"loc":{"start":{"line":69,"column":98},"end":{"line":86,"column":null}},"line":69},"9":{"name":"(anonymous_9)","decl":{"start":{"line":94,"column":95},"end":{"line":94,"column":null}},"loc":{"start":{"line":95,"column":24},"end":{"line":104,"column":null}},"line":95},"10":{"name":"(anonymous_10)","decl":{"start":{"line":101,"column":42},"end":{"line":101,"column":43}},"loc":{"start":{"line":101,"column":49},"end":{"line":101,"column":null}},"line":101},"11":{"name":"(anonymous_11)","decl":{"start":{"line":120,"column":44},"end":{"line":120,"column":null}},"loc":{"start":{"line":121,"column":28},"end":{"line":143,"column":null}},"line":121},"12":{"name":"(anonymous_12)","decl":{"start":{"line":125,"column":481},"end":{"line":125,"column":486}},"loc":{"start":{"line":125,"column":486},"end":{"line":125,"column":533}},"line":125},"13":{"name":"(anonymous_13)","decl":{"start":{"line":130,"column":479},"end":{"line":130,"column":484}},"loc":{"start":{"line":130,"column":484},"end":{"line":130,"column":533}},"line":130},"14":{"name":"(anonymous_14)","decl":{"start":{"line":139,"column":54},"end":{"line":139,"column":59}},"loc":{"start":{"line":139,"column":59},"end":{"line":139,"column":null}},"line":139}},"branchMap":{"0":{"loc":{"start":{"line":19,"column":74},"end":{"line":19,"column":119}},"type":"cond-expr","locations":[{"start":{"line":19,"column":86},"end":{"line":19,"column":117}},{"start":{"line":19,"column":117},"end":{"line":19,"column":119}}],"line":19},"1":{"loc":{"start":{"line":20,"column":124},"end":{"line":20,"column":195}},"type":"cond-expr","locations":[{"start":{"line":20,"column":136},"end":{"line":20,"column":169}},{"start":{"line":20,"column":169},"end":{"line":20,"column":195}}],"line":20},"2":{"loc":{"start":{"line":21,"column":25},"end":{"line":21,"column":null}},"type":"binary-expr","locations":[{"start":{"line":21,"column":25},"end":{"line":21,"column":38}},{"start":{"line":21,"column":38},"end":{"line":21,"column":null}}],"line":21},"3":{"loc":{"start":{"line":29,"column":66},"end":{"line":29,"column":112}},"type":"cond-expr","locations":[{"start":{"line":29,"column":78},"end":{"line":29,"column":97}},{"start":{"line":29,"column":97},"end":{"line":29,"column":112}}],"line":29},"4":{"loc":{"start":{"line":40,"column":123},"end":{"line":42,"column":null}},"type":"cond-expr","locations":[{"start":{"line":41,"column":14},"end":{"line":41,"column":null}},{"start":{"line":42,"column":14},"end":{"line":42,"column":null}}],"line":40},"5":{"loc":{"start":{"line":65,"column":20},"end":{"line":65,"column":null}},"type":"default-arg","locations":[{"start":{"line":65,"column":33},"end":{"line":65,"column":null}}],"line":65},"6":{"loc":{"start":{"line":73,"column":8},"end":{"line":77,"column":null}},"type":"if","locations":[{"start":{"line":73,"column":8},"end":{"line":77,"column":null}},{"start":{"line":75,"column":8},"end":{"line":77,"column":null}}],"line":73},"7":{"loc":{"start":{"line":73,"column":12},"end":{"line":73,"column":48}},"type":"binary-expr","locations":[{"start":{"line":73,"column":12},"end":{"line":73,"column":34}},{"start":{"line":73,"column":34},"end":{"line":73,"column":48}}],"line":73},"8":{"loc":{"start":{"line":75,"column":8},"end":{"line":77,"column":null}},"type":"if","locations":[{"start":{"line":75,"column":8},"end":{"line":77,"column":null}},{"start":{},"end":{}}],"line":75},"9":{"loc":{"start":{"line":75,"column":19},"end":{"line":75,"column":57}},"type":"binary-expr","locations":[{"start":{"line":75,"column":19},"end":{"line":75,"column":43}},{"start":{"line":75,"column":43},"end":{"line":75,"column":57}}],"line":75},"10":{"loc":{"start":{"line":92,"column":13},"end":{"line":106,"column":null}},"type":"binary-expr","locations":[{"start":{"line":92,"column":13},"end":{"line":92,"column":null}},{"start":{"line":93,"column":16},"end":{"line":106,"column":null}}],"line":92},"11":{"loc":{"start":{"line":98,"column":38},"end":{"line":98,"column":null}},"type":"cond-expr","locations":[{"start":{"line":98,"column":52},"end":{"line":98,"column":61}},{"start":{"line":98,"column":61},"end":{"line":98,"column":null}}],"line":98},"12":{"loc":{"start":{"line":125,"column":435},"end":{"line":125,"column":471}},"type":"binary-expr","locations":[{"start":{"line":125,"column":435},"end":{"line":125,"column":464}},{"start":{"line":125,"column":464},"end":{"line":125,"column":471}}],"line":125},"13":{"loc":{"start":{"line":130,"column":431},"end":{"line":130,"column":469}},"type":"binary-expr","locations":[{"start":{"line":130,"column":431},"end":{"line":130,"column":462}},{"start":{"line":130,"column":462},"end":{"line":130,"column":469}}],"line":130},"14":{"loc":{"start":{"line":134,"column":37},"end":{"line":140,"column":null}},"type":"binary-expr","locations":[{"start":{"line":134,"column":37},"end":{"line":134,"column":null}},{"start":{"line":135,"column":40},"end":{"line":140,"column":null}}],"line":134},"15":{"loc":{"start":{"line":138,"column":51},"end":{"line":138,"column":null}},"type":"binary-expr","locations":[{"start":{"line":138,"column":51},"end":{"line":138,"column":85}},{"start":{"line":138,"column":85},"end":{"line":138,"column":null}}],"line":138}},"s":{"0":2,"1":2,"2":2,"3":2,"4":11,"5":396,"6":396,"7":0,"8":2,"9":204,"10":2,"11":102,"12":0,"13":0,"14":2,"15":6,"16":0,"17":0,"18":0,"19":0,"20":0,"21":0,"22":6,"23":0,"24":0,"25":72,"26":0,"27":0,"28":0},"f":{"0":11,"1":396,"2":0,"3":204,"4":102,"5":0,"6":0,"7":6,"8":0,"9":0,"10":0,"11":72,"12":0,"13":0,"14":0},"b":{"0":[0,396],"1":[0,396],"2":[396,0],"3":[0,396],"4":[102,102],"5":[6],"6":[0,0],"7":[0,0],"8":[0,0],"9":[0,0],"10":[6,0],"11":[0,0],"12":[72,0],"13":[72,72],"14":[72,0],"15":[0,0]},"meta":{"lastBranch":16,"lastFunction":15,"lastStatement":29,"seen":{"s:6:20:6:Infinity":0,"s:7:31:7:Infinity":1,"s:8:28:8:Infinity":2,"s:10:28:33:Infinity":3,"f:10:28:10:29":0,"s:15:4:33:Infinity":4,"f:16:19:16:27":1,"s:17:30:17:Infinity":5,"s:18:12:30:Infinity":6,"b:19:86:19:117:19:117:19:119":0,"b:20:136:20:169:20:169:20:195":1,"b:21:25:21:38:21:38:21:Infinity":2,"f:26:34:26:35":2,"s:26:41:26:Infinity":7,"b:29:78:29:97:29:97:29:112":3,"s:36:28:46:Infinity":8,"f:36:28:36:29":3,"s:37:4:46:Infinity":9,"b:41:14:41:Infinity:42:14:42:Infinity":4,"s:49:21:61:Infinity":10,"f:49:21:49:22":4,"s:55:4:61:Infinity":11,"f:58:66:58:72":5,"s:58:72:58:101":12,"f:59:65:59:71":6,"s:59:71:59:98":13,"s:64:35:150:Infinity":14,"f:64:35:64:36":7,"b:65:33:65:Infinity":5,"s:69:25:86:Infinity":15,"f:69:25:69:26":8,"s:70:22:70:Infinity":16,"b:73:8:77:Infinity:75:8:77:Infinity":6,"s:73:8:77:Infinity":17,"b:73:12:73:34:73:34:73:48":7,"s:74:12:74:Infinity":18,"b:75:8:77:Infinity:undefined:undefined:undefined:undefined":8,"s:75:8:77:Infinity":19,"b:75:19:75:43:75:43:75:57":9,"s:76:12:76:Infinity":20,"s:79:8:85:Infinity":21,"s:88:4:148:Infinity":22,"b:92:13:92:Infinity:93:16:106:Infinity":10,"f:94:95:94:Infinity":9,"s:95:24:104:Infinity":23,"b:98:52:98:61:98:61:98:Infinity":11,"f:101:42:101:43":10,"s:101:49:101:Infinity":24,"f:120:44:120:Infinity":11,"s:121:28:143:Infinity":25,"b:125:435:125:464:125:464:125:471":12,"f:125:481:125:486":12,"s:125:486:125:533":26,"b:130:431:130:462:130:462:130:469":13,"f:130:479:130:484":13,"s:130:484:130:533":27,"b:134:37:134:Infinity:135:40:140:Infinity":14,"b:138:51:138:85:138:85:138:Infinity":15,"f:139:54:139:59":14,"s:139:59:139:Infinity":28}}}
,"C:\\Users\\nicje\\OneDrive\\Documentos\\Proyecto 2026\\Dr Milton Mairena\\Historia-Clinica-main\\src\\components\\ui\\InputWithIcon.tsx": {"path":"C:\\Users\\nicje\\OneDrive\\Documentos\\Proyecto 2026\\Dr Milton Mairena\\Historia-Clinica-main\\src\\components\\ui\\InputWithIcon.tsx","statementMap":{"0":{"start":{"line":13,"column":29},"end":{"line":37,"column":null}},"1":{"start":{"line":16,"column":15},"end":{"line":16,"column":null}},"2":{"start":{"line":18,"column":18},"end":{"line":23,"column":null}},"3":{"start":{"line":19,"column":8},"end":{"line":21,"column":null}},"4":{"start":{"line":20,"column":12},"end":{"line":20,"column":null}},"5":{"start":{"line":22,"column":8},"end":{"line":22,"column":null}},"6":{"start":{"line":25,"column":4},"end":{"line":35,"column":null}}},"fnMap":{"0":{"name":"(anonymous_0)","decl":{"start":{"line":13,"column":29},"end":{"line":13,"column":30}},"loc":{"start":{"line":15,"column":26},"end":{"line":37,"column":null}},"line":15},"1":{"name":"(anonymous_1)","decl":{"start":{"line":18,"column":47},"end":{"line":18,"column":56}},"loc":{"start":{"line":18,"column":56},"end":{"line":23,"column":5}},"line":18}},"branchMap":{"0":{"loc":{"start":{"line":14,"column":63},"end":{"line":14,"column":null}},"type":"default-arg","locations":[{"start":{"line":14,"column":75},"end":{"line":14,"column":null}}],"line":14},"1":{"loc":{"start":{"line":19,"column":8},"end":{"line":21,"column":null}},"type":"if","locations":[{"start":{"line":19,"column":8},"end":{"line":21,"column":null}},{"start":{},"end":{}}],"line":19},"2":{"loc":{"start":{"line":28,"column":25},"end":{"line":28,"column":null}},"type":"binary-expr","locations":[{"start":{"line":28,"column":25},"end":{"line":28,"column":37}},{"start":{"line":28,"column":37},"end":{"line":28,"column":null}}],"line":28},"3":{"loc":{"start":{"line":30,"column":64},"end":{"line":30,"column":108}},"type":"cond-expr","locations":[{"start":{"line":30,"column":72},"end":{"line":30,"column":91}},{"start":{"line":30,"column":91},"end":{"line":30,"column":108}}],"line":30},"4":{"loc":{"start":{"line":34,"column":13},"end":{"line":34,"column":null}},"type":"binary-expr","locations":[{"start":{"line":34,"column":13},"end":{"line":34,"column":22}},{"start":{"line":34,"column":22},"end":{"line":34,"column":null}}],"line":34}},"s":{"0":1,"1":74,"2":74,"3":74,"4":74,"5":0,"6":74},"f":{"0":74,"1":74},"b":{"0":[74],"1":[74,0],"2":[74,18],"3":[0,74],"4":[74,0]},"meta":{"lastBranch":5,"lastFunction":2,"lastStatement":7,"seen":{"s:13:29:37:Infinity":0,"f:13:29:13:30":0,"b:14:75:14:Infinity":0,"s:16:15:16:Infinity":1,"s:18:18:23:Infinity":2,"f:18:47:18:56":1,"b:19:8:21:Infinity:undefined:undefined:undefined:undefined":1,"s:19:8:21:Infinity":3,"s:20:12:20:Infinity":4,"s:22:8:22:Infinity":5,"s:25:4:35:Infinity":6,"b:28:25:28:37:28:37:28:Infinity":2,"b:30:72:30:91:30:91:30:108":3,"b:34:13:34:22:34:22:34:Infinity":4}}}
,"C:\\Users\\nicje\\OneDrive\\Documentos\\Proyecto 2026\\Dr Milton Mairena\\Historia-Clinica-main\\src\\components\\ui\\Toast.tsx": {"path":"C:\\Users\\nicje\\OneDrive\\Documentos\\Proyecto 2026\\Dr Milton Mairena\\Historia-Clinica-main\\src\\components\\ui\\Toast.tsx","statementMap":{"0":{"start":{"line":14,"column":43},"end":{"line":59,"column":null}},"1":{"start":{"line":15,"column":4},"end":{"line":22,"column":null}},"2":{"start":{"line":16,"column":8},"end":{"line":21,"column":null}},"3":{"start":{"line":17,"column":26},"end":{"line":19,"column":null}},"4":{"start":{"line":18,"column":16},"end":{"line":18,"column":null}},"5":{"start":{"line":20,"column":12},"end":{"line":20,"column":null}},"6":{"start":{"line":20,"column":25},"end":{"line":20,"column":null}},"7":{"start":{"line":24,"column":4},"end":{"line":57,"column":null}}},"fnMap":{"0":{"name":"(anonymous_0)","decl":{"start":{"line":14,"column":43},"end":{"line":14,"column":44}},"loc":{"start":{"line":14,"column":86},"end":{"line":59,"column":null}},"line":14},"1":{"name":"(anonymous_1)","decl":{"start":{"line":15,"column":14},"end":{"line":15,"column":20}},"loc":{"start":{"line":15,"column":20},"end":{"line":22,"column":7}},"line":15},"2":{"name":"(anonymous_2)","decl":{"start":{"line":17,"column":37},"end":{"line":17,"column":43}},"loc":{"start":{"line":17,"column":43},"end":{"line":19,"column":15}},"line":17},"3":{"name":"(anonymous_3)","decl":{"start":{"line":20,"column":19},"end":{"line":20,"column":25}},"loc":{"start":{"line":20,"column":25},"end":{"line":20,"column":null}},"line":20}},"branchMap":{"0":{"loc":{"start":{"line":16,"column":8},"end":{"line":21,"column":null}},"type":"if","locations":[{"start":{"line":16,"column":8},"end":{"line":21,"column":null}},{"start":{},"end":{}}],"line":16},"1":{"loc":{"start":{"line":26,"column":13},"end":{"line":55,"column":null}},"type":"binary-expr","locations":[{"start":{"line":26,"column":13},"end":{"line":26,"column":null}},{"start":{"line":27,"column":16},"end":{"line":55,"column":null}}],"line":26},"2":{"loc":{"start":{"line":31,"column":145},"end":{"line":33,"column":null}},"type":"cond-expr","locations":[{"start":{"line":32,"column":30},"end":{"line":32,"column":null}},{"start":{"line":33,"column":30},"end":{"line":33,"column":null}}],"line":31},"3":{"loc":{"start":{"line":36,"column":56},"end":{"line":36,"column":106}},"type":"cond-expr","locations":[{"start":{"line":36,"column":77},"end":{"line":36,"column":94}},{"start":{"line":36,"column":94},"end":{"line":36,"column":106}}],"line":36},"4":{"loc":{"start":{"line":37,"column":25},"end":{"line":37,"column":null}},"type":"cond-expr","locations":[{"start":{"line":37,"column":46},"end":{"line":37,"column":74}},{"start":{"line":37,"column":74},"end":{"line":37,"column":null}}],"line":37},"5":{"loc":{"start":{"line":42,"column":29},"end":{"line":42,"column":null}},"type":"cond-expr","locations":[{"start":{"line":42,"column":50},"end":{"line":42,"column":60}},{"start":{"line":42,"column":60},"end":{"line":42,"column":null}}],"line":42}},"s":{"0":2,"1":6,"2":6,"3":1,"4":0,"5":1,"6":1,"7":6},"f":{"0":6,"1":6,"2":0,"3":1},"b":{"0":[1,5],"1":[6,1],"2":[1,0],"3":[1,0],"4":[1,0],"5":[1,0]},"meta":{"lastBranch":6,"lastFunction":4,"lastStatement":8,"seen":{"s:14:43:59:Infinity":0,"f:14:43:14:44":0,"s:15:4:22:Infinity":1,"f:15:14:15:20":1,"b:16:8:21:Infinity:undefined:undefined:undefined:undefined":0,"s:16:8:21:Infinity":2,"s:17:26:19:Infinity":3,"f:17:37:17:43":2,"s:18:16:18:Infinity":4,"s:20:12:20:Infinity":5,"f:20:19:20:25":3,"s:20:25:20:Infinity":6,"s:24:4:57:Infinity":7,"b:26:13:26:Infinity:27:16:55:Infinity":1,"b:32:30:32:Infinity:33:30:33:Infinity":2,"b:36:77:36:94:36:94:36:106":3,"b:37:46:37:74:37:74:37:Infinity":4,"b:42:50:42:60:42:60:42:Infinity":5}}}
,"C:\\Users\\nicje\\OneDrive\\Documentos\\Proyecto 2026\\Dr Milton Mairena\\Historia-Clinica-main\\src\\lib\\audit.ts": {"path":"C:\\Users\\nicje\\OneDrive\\Documentos\\Proyecto 2026\\Dr Milton Mairena\\Historia-Clinica-main\\src\\lib\\audit.ts","statementMap":{"0":{"start":{"line":20,"column":58},"end":{"line":20,"column":null}},"1":{"start":{"line":22,"column":22},"end":{"line":27,"column":null}},"2":{"start":{"line":23,"column":4},"end":{"line":25,"column":null}},"3":{"start":{"line":24,"column":8},"end":{"line":24,"column":null}},"4":{"start":{"line":26,"column":4},"end":{"line":26,"column":null}},"5":{"start":{"line":37,"column":24},"end":{"line":45,"column":null}},"6":{"start":{"line":38,"column":4},"end":{"line":44,"column":null}},"7":{"start":{"line":39,"column":19},"end":{"line":39,"column":null}},"8":{"start":{"line":40,"column":8},"end":{"line":40,"column":null}},"9":{"start":{"line":43,"column":8},"end":{"line":43,"column":null}},"10":{"start":{"line":50,"column":32},"end":{"line":62,"column":null}},"11":{"start":{"line":56,"column":4},"end":{"line":61,"column":null}},"12":{"start":{"line":67,"column":32},"end":{"line":80,"column":null}},"13":{"start":{"line":74,"column":4},"end":{"line":79,"column":null}}},"fnMap":{"0":{"name":"(anonymous_0)","decl":{"start":{"line":22,"column":22},"end":{"line":22,"column":28}},"loc":{"start":{"line":22,"column":28},"end":{"line":27,"column":null}},"line":22},"1":{"name":"(anonymous_1)","decl":{"start":{"line":37,"column":24},"end":{"line":37,"column":31}},"loc":{"start":{"line":37,"column":68},"end":{"line":45,"column":null}},"line":37},"2":{"name":"(anonymous_2)","decl":{"start":{"line":50,"column":32},"end":{"line":50,"column":null}},"loc":{"start":{"line":55,"column":20},"end":{"line":62,"column":null}},"line":55},"3":{"name":"(anonymous_3)","decl":{"start":{"line":67,"column":32},"end":{"line":67,"column":null}},"loc":{"start":{"line":73,"column":20},"end":{"line":80,"column":null}},"line":73}},"branchMap":{"0":{"loc":{"start":{"line":23,"column":4},"end":{"line":25,"column":null}},"type":"if","locations":[{"start":{"line":23,"column":4},"end":{"line":25,"column":null}},{"start":{},"end":{}}],"line":23}},"s":{"0":1,"1":1,"2":0,"3":0,"4":0,"5":1,"6":0,"7":0,"8":0,"9":0,"10":1,"11":0,"12":1,"13":0},"f":{"0":0,"1":0,"2":0,"3":0},"b":{"0":[0,0]},"meta":{"lastBranch":1,"lastFunction":4,"lastStatement":14,"seen":{"s:20:58:20:Infinity":0,"s:22:22:27:Infinity":1,"f:22:22:22:28":0,"b:23:4:25:Infinity:undefined:undefined:undefined:undefined":0,"s:23:4:25:Infinity":2,"s:24:8:24:Infinity":3,"s:26:4:26:Infinity":4,"s:37:24:45:Infinity":5,"f:37:24:37:31":1,"s:38:4:44:Infinity":6,"s:39:19:39:Infinity":7,"s:40:8:40:Infinity":8,"s:43:8:43:Infinity":9,"s:50:32:62:Infinity":10,"f:50:32:50:Infinity":2,"s:56:4:61:Infinity":11,"s:67:32:80:Infinity":12,"f:67:32:67:Infinity":3,"s:74:4:79:Infinity":13}}}
,"C:\\Users\\nicje\\OneDrive\\Documentos\\Proyecto 2026\\Dr Milton Mairena\\Historia-Clinica-main\\src\\lib\\cache.ts": {"path":"C:\\Users\\nicje\\OneDrive\\Documentos\\Proyecto 2026\\Dr Milton Mairena\\Historia-Clinica-main\\src\\lib\\cache.ts","statementMap":{"0":{"start":{"line":19,"column":4},"end":{"line":19,"column":null}},"1":{"start":{"line":20,"column":4},"end":{"line":20,"column":null}},"2":{"start":{"line":30,"column":23},"end":{"line":30,"column":null}},"3":{"start":{"line":31,"column":20},"end":{"line":31,"column":null}},"4":{"start":{"line":34,"column":8},"end":{"line":36,"column":null}},"5":{"start":{"line":35,"column":12},"end":{"line":35,"column":null}},"6":{"start":{"line":39,"column":21},"end":{"line":39,"column":null}},"7":{"start":{"line":42,"column":8},"end":{"line":46,"column":null}},"8":{"start":{"line":48,"column":8},"end":{"line":48,"column":null}},"9":{"start":{"line":55,"column":20},"end":{"line":55,"column":null}},"10":{"start":{"line":56,"column":8},"end":{"line":60,"column":null}},"11":{"start":{"line":67,"column":8},"end":{"line":67,"column":null}},"12":{"start":{"line":74,"column":22},"end":{"line":74,"column":null}},"13":{"start":{"line":75,"column":8},"end":{"line":79,"column":null}},"14":{"start":{"line":76,"column":12},"end":{"line":78,"column":null}},"15":{"start":{"line":77,"column":16},"end":{"line":77,"column":null}},"16":{"start":{"line":86,"column":8},"end":{"line":86,"column":null}},"17":{"start":{"line":93,"column":8},"end":{"line":96,"column":null}},"18":{"start":{"line":101,"column":30},"end":{"line":101,"column":null}},"19":{"start":{"line":122,"column":26},"end":{"line":128,"column":null}},"20":{"start":{"line":141,"column":48},"end":{"line":146,"column":null}},"21":{"start":{"line":152,"column":29},"end":{"line":216,"column":null}},"22":{"start":{"line":156,"column":17},"end":{"line":156,"column":null}},"23":{"start":{"line":159,"column":4},"end":{"line":161,"column":null}},"24":{"start":{"line":160,"column":8},"end":{"line":160,"column":null}},"25":{"start":{"line":164,"column":4},"end":{"line":166,"column":null}},"26":{"start":{"line":165,"column":8},"end":{"line":165,"column":null}},"27":{"start":{"line":168,"column":4},"end":{"line":215,"column":null}},"28":{"start":{"line":169,"column":20},"end":{"line":169,"column":null}},"29":{"start":{"line":170,"column":23},"end":{"line":170,"column":null}},"30":{"start":{"line":171,"column":20},"end":{"line":171,"column":null}},"31":{"start":{"line":173,"column":8},"end":{"line":211,"column":null}},"32":{"start":{"line":175,"column":36},"end":{"line":175,"column":null}},"33":{"start":{"line":176,"column":25},"end":{"line":176,"column":null}},"34":{"start":{"line":177,"column":25},"end":{"line":177,"column":null}},"35":{"start":{"line":179,"column":12},"end":{"line":183,"column":null}},"36":{"start":{"line":180,"column":30},"end":{"line":180,"column":null}},"37":{"start":{"line":181,"column":16},"end":{"line":181,"column":null}},"38":{"start":{"line":182,"column":16},"end":{"line":182,"column":null}},"39":{"start":{"line":185,"column":12},"end":{"line":185,"column":null}},"40":{"start":{"line":186,"column":12},"end":{"line":186,"column":null}},"41":{"start":{"line":189,"column":12},"end":{"line":189,"column":null}},"42":{"start":{"line":191,"column":12},"end":{"line":210,"column":null}},"43":{"start":{"line":193,"column":20},"end":{"line":206,"column":null}},"44":{"start":{"line":195,"column":47},"end":{"line":199,"column":null}},"45":{"start":{"line":201,"column":24},"end":{"line":201,"column":null}},"46":{"start":{"line":203,"column":24},"end":{"line":203,"column":null}},"47":{"start":{"line":205,"column":24},"end":{"line":205,"column":null}},"48":{"start":{"line":213,"column":8},"end":{"line":213,"column":null}},"49":{"start":{"line":213,"column":28},"end":{"line":213,"column":null}},"50":{"start":{"line":214,"column":8},"end":{"line":214,"column":null}},"51":{"start":{"line":221,"column":20},"end":{"line":225,"column":null}},"52":{"start":{"line":222,"column":4},"end":{"line":222,"column":null}},"53":{"start":{"line":222,"column":22},"end":{"line":222,"column":null}},"54":{"start":{"line":223,"column":4},"end":{"line":223,"column":null}},"55":{"start":{"line":223,"column":29},"end":{"line":223,"column":null}},"56":{"start":{"line":224,"column":4},"end":{"line":224,"column":null}},"57":{"start":{"line":234,"column":24},"end":{"line":244,"column":null}},"58":{"start":{"line":238,"column":58},"end":{"line":238,"column":null}},"59":{"start":{"line":240,"column":4},"end":{"line":243,"column":null}},"60":{"start":{"line":241,"column":8},"end":{"line":241,"column":null}},"61":{"start":{"line":241,"column":23},"end":{"line":241,"column":null}},"62":{"start":{"line":242,"column":8},"end":{"line":242,"column":null}},"63":{"start":{"line":242,"column":37},"end":{"line":242,"column":50}},"64":{"start":{"line":249,"column":24},"end":{"line":262,"column":null}},"65":{"start":{"line":253,"column":21},"end":{"line":253,"column":null}},"66":{"start":{"line":255,"column":4},"end":{"line":261,"column":null}},"67":{"start":{"line":256,"column":8},"end":{"line":260,"column":null}},"68":{"start":{"line":257,"column":12},"end":{"line":257,"column":null}},"69":{"start":{"line":258,"column":12},"end":{"line":258,"column":null}},"70":{"start":{"line":259,"column":12},"end":{"line":259,"column":null}},"71":{"start":{"line":259,"column":30},"end":{"line":259,"column":51}},"72":{"start":{"line":272,"column":28},"end":{"line":300,"column":null}},"73":{"start":{"line":278,"column":19},"end":{"line":278,"column":null}},"74":{"start":{"line":278,"column":68},"end":{"line":278,"column":74}},"75":{"start":{"line":280,"column":4},"end":{"line":296,"column":null}},"76":{"start":{"line":282,"column":8},"end":{"line":293,"column":null}},"77":{"start":{"line":283,"column":12},"end":{"line":292,"column":null}},"78":{"start":{"line":285,"column":16},"end":{"line":285,"column":null}},"79":{"start":{"line":286,"column":30},"end":{"line":286,"column":null}},"80":{"start":{"line":287,"column":16},"end":{"line":289,"column":null}},"81":{"start":{"line":288,"column":20},"end":{"line":288,"column":null}},"82":{"start":{"line":291,"column":16},"end":{"line":291,"column":null}},"83":{"start":{"line":295,"column":8},"end":{"line":295,"column":null}},"84":{"start":{"line":299,"column":4},"end":{"line":299,"column":null}},"85":{"start":{"line":306,"column":23},"end":{"line":306,"column":null}},"86":{"start":{"line":311,"column":32},"end":{"line":321,"column":null}},"87":{"start":{"line":312,"column":4},"end":{"line":320,"column":null}},"88":{"start":{"line":313,"column":22},"end":{"line":316,"column":null}},"89":{"start":{"line":317,"column":8},"end":{"line":317,"column":null}},"90":{"start":{"line":319,"column":8},"end":{"line":319,"column":null}},"91":{"start":{"line":326,"column":30},"end":{"line":341,"column":null}},"92":{"start":{"line":327,"column":4},"end":{"line":340,"column":null}},"93":{"start":{"line":328,"column":20},"end":{"line":328,"column":null}},"94":{"start":{"line":329,"column":8},"end":{"line":329,"column":null}},"95":{"start":{"line":329,"column":18},"end":{"line":329,"column":null}},"96":{"start":{"line":331,"column":22},"end":{"line":331,"column":null}},"97":{"start":{"line":332,"column":8},"end":{"line":335,"column":null}},"98":{"start":{"line":333,"column":12},"end":{"line":333,"column":null}},"99":{"start":{"line":334,"column":12},"end":{"line":334,"column":null}},"100":{"start":{"line":337,"column":8},"end":{"line":337,"column":null}},"101":{"start":{"line":339,"column":8},"end":{"line":339,"column":null}},"102":{"start":{"line":346,"column":33},"end":{"line":355,"column":null}},"103":{"start":{"line":347,"column":35},"end":{"line":347,"column":null}},"104":{"start":{"line":348,"column":4},"end":{"line":353,"column":null}},"105":{"start":{"line":348,"column":17},"end":{"line":348,"column":20}},"106":{"start":{"line":349,"column":20},"end":{"line":349,"column":null}},"107":{"start":{"line":350,"column":8},"end":{"line":352,"column":null}},"108":{"start":{"line":351,"column":12},"end":{"line":351,"column":null}},"109":{"start":{"line":354,"column":4},"end":{"line":354,"column":null}},"110":{"start":{"line":354,"column":32},"end":{"line":354,"column":60}}},"fnMap":{"0":{"name":"(anonymous_0)","decl":{"start":{"line":18,"column":0},"end":{"line":18,"column":6}},"loc":{"start":{"line":18,"column":0},"end":{"line":20,"column":null}},"line":18},"1":{"name":"(anonymous_1)","decl":{"start":{"line":25,"column":10},"end":{"line":25,"column":null}},"loc":{"start":{"line":29,"column":18},"end":{"line":49,"column":null}},"line":29},"2":{"name":"(anonymous_2)","decl":{"start":{"line":54,"column":4},"end":{"line":54,"column":11}},"loc":{"start":{"line":54,"column":72},"end":{"line":61,"column":null}},"line":54},"3":{"name":"(anonymous_3)","decl":{"start":{"line":66,"column":4},"end":{"line":66,"column":15}},"loc":{"start":{"line":66,"column":34},"end":{"line":68,"column":null}},"line":66},"4":{"name":"(anonymous_4)","decl":{"start":{"line":73,"column":4},"end":{"line":73,"column":22}},"loc":{"start":{"line":73,"column":45},"end":{"line":80,"column":null}},"line":73},"5":{"name":"(anonymous_5)","decl":{"start":{"line":85,"column":4},"end":{"line":85,"column":18}},"loc":{"start":{"line":85,"column":18},"end":{"line":87,"column":null}},"line":85},"6":{"name":"(anonymous_6)","decl":{"start":{"line":92,"column":4},"end":{"line":92,"column":49}},"loc":{"start":{"line":92,"column":49},"end":{"line":97,"column":null}},"line":92},"7":{"name":"(anonymous_7)","decl":{"start":{"line":152,"column":29},"end":{"line":152,"column":null}},"loc":{"start":{"line":155,"column":20},"end":{"line":216,"column":null}},"line":155},"8":{"name":"(anonymous_8)","decl":{"start":{"line":168,"column":23},"end":{"line":168,"column":24}},"loc":{"start":{"line":168,"column":44},"end":{"line":215,"column":5}},"line":168},"9":{"name":"(anonymous_9)","decl":{"start":{"line":173,"column":21},"end":{"line":173,"column":27}},"loc":{"start":{"line":173,"column":27},"end":{"line":211,"column":null}},"line":173},"10":{"name":"(anonymous_10)","decl":{"start":{"line":192,"column":16},"end":{"line":192,"column":17}},"loc":{"start":{"line":192,"column":26},"end":{"line":207,"column":null}},"line":192},"11":{"name":"(anonymous_11)","decl":{"start":{"line":213,"column":22},"end":{"line":213,"column":28}},"loc":{"start":{"line":213,"column":28},"end":{"line":213,"column":null}},"line":213},"12":{"name":"(anonymous_12)","decl":{"start":{"line":221,"column":20},"end":{"line":221,"column":21}},"loc":{"start":{"line":221,"column":47},"end":{"line":225,"column":null}},"line":221},"13":{"name":"(anonymous_13)","decl":{"start":{"line":234,"column":24},"end":{"line":234,"column":null}},"loc":{"start":{"line":237,"column":41},"end":{"line":244,"column":null}},"line":237},"14":{"name":"(anonymous_14)","decl":{"start":{"line":240,"column":11},"end":{"line":240,"column":15}},"loc":{"start":{"line":240,"column":39},"end":{"line":243,"column":null}},"line":240},"15":{"name":"(anonymous_15)","decl":{"start":{"line":242,"column":31},"end":{"line":242,"column":37}},"loc":{"start":{"line":242,"column":37},"end":{"line":242,"column":50}},"line":242},"16":{"name":"(anonymous_16)","decl":{"start":{"line":249,"column":24},"end":{"line":249,"column":null}},"loc":{"start":{"line":252,"column":41},"end":{"line":262,"column":null}},"line":252},"17":{"name":"(anonymous_17)","decl":{"start":{"line":255,"column":11},"end":{"line":255,"column":15}},"loc":{"start":{"line":255,"column":39},"end":{"line":261,"column":null}},"line":255},"18":{"name":"(anonymous_18)","decl":{"start":{"line":259,"column":23},"end":{"line":259,"column":30}},"loc":{"start":{"line":259,"column":30},"end":{"line":259,"column":51}},"line":259},"19":{"name":"(anonymous_19)","decl":{"start":{"line":272,"column":28},"end":{"line":272,"column":null}},"loc":{"start":{"line":276,"column":17},"end":{"line":300,"column":null}},"line":276},"20":{"name":"(anonymous_20)","decl":{"start":{"line":278,"column":56},"end":{"line":278,"column":68}},"loc":{"start":{"line":278,"column":68},"end":{"line":278,"column":74}},"line":278},"21":{"name":"(anonymous_21)","decl":{"start":{"line":282,"column":19},"end":{"line":282,"column":31}},"loc":{"start":{"line":282,"column":31},"end":{"line":293,"column":11}},"line":282},"22":{"name":"(anonymous_22)","decl":{"start":{"line":311,"column":32},"end":{"line":311,"column":36}},"loc":{"start":{"line":311,"column":104},"end":{"line":321,"column":null}},"line":311},"23":{"name":"(anonymous_23)","decl":{"start":{"line":326,"column":30},"end":{"line":326,"column":34}},"loc":{"start":{"line":326,"column":60},"end":{"line":341,"column":null}},"line":326},"24":{"name":"(anonymous_24)","decl":{"start":{"line":346,"column":33},"end":{"line":346,"column":45}},"loc":{"start":{"line":346,"column":45},"end":{"line":355,"column":null}},"line":346},"25":{"name":"(anonymous_25)","decl":{"start":{"line":354,"column":25},"end":{"line":354,"column":32}},"loc":{"start":{"line":354,"column":32},"end":{"line":354,"column":60}},"line":354}},"branchMap":{"0":{"loc":{"start":{"line":28,"column":8},"end":{"line":28,"column":null}},"type":"default-arg","locations":[{"start":{"line":28,"column":24},"end":{"line":28,"column":null}}],"line":28},"1":{"loc":{"start":{"line":34,"column":8},"end":{"line":36,"column":null}},"type":"if","locations":[{"start":{"line":34,"column":8},"end":{"line":36,"column":null}},{"start":{},"end":{}}],"line":34},"2":{"loc":{"start":{"line":34,"column":12},"end":{"line":34,"column":46}},"type":"binary-expr","locations":[{"start":{"line":34,"column":12},"end":{"line":34,"column":22}},{"start":{"line":34,"column":22},"end":{"line":34,"column":46}}],"line":34},"3":{"loc":{"start":{"line":54,"column":33},"end":{"line":54,"column":72}},"type":"default-arg","locations":[{"start":{"line":54,"column":49},"end":{"line":54,"column":72}}],"line":54},"4":{"loc":{"start":{"line":76,"column":12},"end":{"line":78,"column":null}},"type":"if","locations":[{"start":{"line":76,"column":12},"end":{"line":78,"column":null}},{"start":{},"end":{}}],"line":76},"5":{"loc":{"start":{"line":154,"column":4},"end":{"line":154,"column":null}},"type":"default-arg","locations":[{"start":{"line":154,"column":34},"end":{"line":154,"column":null}}],"line":154},"6":{"loc":{"start":{"line":159,"column":4},"end":{"line":161,"column":null}},"type":"if","locations":[{"start":{"line":159,"column":4},"end":{"line":161,"column":null}},{"start":{},"end":{}}],"line":159},"7":{"loc":{"start":{"line":164,"column":4},"end":{"line":166,"column":null}},"type":"if","locations":[{"start":{"line":164,"column":4},"end":{"line":166,"column":null}},{"start":{},"end":{}}],"line":164},"8":{"loc":{"start":{"line":179,"column":12},"end":{"line":183,"column":null}},"type":"if","locations":[{"start":{"line":179,"column":12},"end":{"line":183,"column":null}},{"start":{},"end":{}}],"line":179},"9":{"loc":{"start":{"line":179,"column":16},"end":{"line":179,"column":47}},"type":"binary-expr","locations":[{"start":{"line":179,"column":16},"end":{"line":179,"column":32}},{"start":{"line":179,"column":32},"end":{"line":179,"column":47}}],"line":179},"10":{"loc":{"start":{"line":193,"column":20},"end":{"line":206,"column":null}},"type":"if","locations":[{"start":{"line":193,"column":20},"end":{"line":206,"column":null}},{"start":{"line":204,"column":27},"end":{"line":206,"column":null}}],"line":193},"11":{"loc":{"start":{"line":222,"column":4},"end":{"line":222,"column":null}},"type":"if","locations":[{"start":{"line":222,"column":4},"end":{"line":222,"column":null}},{"start":{},"end":{}}],"line":222},"12":{"loc":{"start":{"line":223,"column":4},"end":{"line":223,"column":null}},"type":"if","locations":[{"start":{"line":223,"column":4},"end":{"line":223,"column":null}},{"start":{},"end":{}}],"line":223},"13":{"loc":{"start":{"line":241,"column":8},"end":{"line":241,"column":null}},"type":"if","locations":[{"start":{"line":241,"column":8},"end":{"line":241,"column":null}},{"start":{},"end":{}}],"line":241},"14":{"loc":{"start":{"line":256,"column":8},"end":{"line":260,"column":null}},"type":"if","locations":[{"start":{"line":256,"column":8},"end":{"line":260,"column":null}},{"start":{},"end":{}}],"line":256},"15":{"loc":{"start":{"line":280,"column":4},"end":{"line":296,"column":null}},"type":"if","locations":[{"start":{"line":280,"column":4},"end":{"line":296,"column":null}},{"start":{},"end":{}}],"line":280},"16":{"loc":{"start":{"line":287,"column":16},"end":{"line":289,"column":null}},"type":"if","locations":[{"start":{"line":287,"column":16},"end":{"line":289,"column":null}},{"start":{},"end":{}}],"line":287},"17":{"loc":{"start":{"line":287,"column":20},"end":{"line":287,"column":82}},"type":"binary-expr","locations":[{"start":{"line":287,"column":20},"end":{"line":287,"column":32}},{"start":{"line":287,"column":32},"end":{"line":287,"column":82}}],"line":287},"18":{"loc":{"start":{"line":311,"column":58},"end":{"line":311,"column":104}},"type":"default-arg","locations":[{"start":{"line":311,"column":74},"end":{"line":311,"column":104}}],"line":311},"19":{"loc":{"start":{"line":329,"column":8},"end":{"line":329,"column":null}},"type":"if","locations":[{"start":{"line":329,"column":8},"end":{"line":329,"column":null}},{"start":{},"end":{}}],"line":329},"20":{"loc":{"start":{"line":332,"column":8},"end":{"line":335,"column":null}},"type":"if","locations":[{"start":{"line":332,"column":8},"end":{"line":335,"column":null}},{"start":{},"end":{}}],"line":332},"21":{"loc":{"start":{"line":350,"column":8},"end":{"line":352,"column":null}},"type":"if","locations":[{"start":{"line":350,"column":8},"end":{"line":352,"column":null}},{"start":{},"end":{}}],"line":350}},"s":{"0":3,"1":3,"2":12,"3":12,"4":12,"5":2,"6":10,"7":10,"8":10,"9":0,"10":0,"11":1,"12":1,"13":1,"14":3,"15":2,"16":5,"17":2,"18":3,"19":3,"20":3,"21":3,"22":0,"23":0,"24":0,"25":0,"26":0,"27":0,"28":0,"29":0,"30":0,"31":0,"32":0,"33":0,"34":0,"35":0,"36":0,"37":0,"38":0,"39":0,"40":0,"41":0,"42":0,"43":0,"44":0,"45":0,"46":0,"47":0,"48":0,"49":0,"50":0,"51":3,"52":0,"53":0,"54":0,"55":0,"56":0,"57":3,"58":1,"59":1,"60":3,"61":2,"62":3,"63":1,"64":3,"65":4,"66":4,"67":7,"68":5,"69":5,"70":5,"71":1,"72":3,"73":0,"74":0,"75":0,"76":0,"77":0,"78":0,"79":0,"80":0,"81":0,"82":0,"83":0,"84":0,"85":3,"86":3,"87":0,"88":0,"89":0,"90":0,"91":3,"92":0,"93":0,"94":0,"95":0,"96":0,"97":0,"98":0,"99":0,"100":0,"101":0,"102":3,"103":0,"104":0,"105":0,"106":0,"107":0,"108":0,"109":0,"110":0},"f":{"0":3,"1":12,"2":0,"3":1,"4":1,"5":5,"6":2,"7":0,"8":0,"9":0,"10":0,"11":0,"12":0,"13":1,"14":3,"15":1,"16":4,"17":7,"18":1,"19":0,"20":0,"21":0,"22":0,"23":0,"24":0,"25":0},"b":{"0":[12],"1":[2,10],"2":[12,3],"3":[0],"4":[2,1],"5":[0],"6":[0,0],"7":[0,0],"8":[0,0],"9":[0,0],"10":[0,0],"11":[0,0],"12":[0,0],"13":[2,1],"14":[5,2],"15":[0,0],"16":[0,0],"17":[0,0],"18":[0],"19":[0,0],"20":[0,0],"21":[0,0]},"meta":{"lastBranch":22,"lastFunction":26,"lastStatement":111,"seen":{"f:18:0:18:6":0,"s:19:4:19:Infinity":0,"s:20:4:20:Infinity":1,"f:25:10:25:Infinity":1,"b:28:24:28:Infinity":0,"s:30:23:30:Infinity":2,"s:31:20:31:Infinity":3,"b:34:8:36:Infinity:undefined:undefined:undefined:undefined":1,"s:34:8:36:Infinity":4,"b:34:12:34:22:34:22:34:46":2,"s:35:12:35:Infinity":5,"s:39:21:39:Infinity":6,"s:42:8:46:Infinity":7,"s:48:8:48:Infinity":8,"f:54:4:54:11":2,"b:54:49:54:72":3,"s:55:20:55:Infinity":9,"s:56:8:60:Infinity":10,"f:66:4:66:15":3,"s:67:8:67:Infinity":11,"f:73:4:73:22":4,"s:74:22:74:Infinity":12,"s:75:8:79:Infinity":13,"b:76:12:78:Infinity:undefined:undefined:undefined:undefined":4,"s:76:12:78:Infinity":14,"s:77:16:77:Infinity":15,"f:85:4:85:18":5,"s:86:8:86:Infinity":16,"f:92:4:92:49":6,"s:93:8:96:Infinity":17,"s:101:30:101:Infinity":18,"s:122:26:128:Infinity":19,"s:141:48:146:Infinity":20,"s:152:29:216:Infinity":21,"f:152:29:152:Infinity":7,"b:154:34:154:Infinity":5,"s:156:17:156:Infinity":22,"b:159:4:161:Infinity:undefined:undefined:undefined:undefined":6,"s:159:4:161:Infinity":23,"s:160:8:160:Infinity":24,"b:164:4:166:Infinity:undefined:undefined:undefined:undefined":7,"s:164:4:166:In
[...]
:Infinity":160,"s:405:8:405:Infinity":161,"s:406:8:406:Infinity":162,"s:409:8:409:Infinity":163,"s:410:8:410:Infinity":164,"s:411:8:411:Infinity":165,"s:412:8:412:Infinity":166,"s:413:8:413:Infinity":167,"s:414:8:414:Infinity":168,"s:415:8:415:Infinity":169,"s:416:8:416:Infinity":170,"s:417:8:417:Infinity":171,"s:418:8:418:Infinity":172,"s:419:8:419:Infinity":173,"s:420:8:420:Infinity":174,"s:421:8:421:Infinity":175,"s:422:8:422:Infinity":176,"s:423:8:423:Infinity":177,"s:424:8:424:Infinity":178,"s:425:8:425:Infinity":179,"s:426:8:426:Infinity":180,"s:427:8:427:Infinity":181,"s:428:8:428:Infinity":182,"b:431:8:438:Infinity:undefined:undefined:undefined:undefined":78,"s:431:8:438:Infinity":183,"s:432:59:432:Infinity":184,"s:433:12:436:Infinity":185,"f:433:39:433:40":25,"s:434:30:434:Infinity":186,"f:434:50:434:55":26,"s:434:55:434:90":187,"b:435:16:435:Infinity:undefined:undefined:undefined:undefined":79,"s:435:16:435:Infinity":188,"s:435:27:435:Infinity":189,"s:437:12:437:Infinity":190,"b:441:8:443:Infinity:undefined:undefined:undefined:undefined":80,"s:441:8:443:Infinity":191,"b:441:12:441:39:441:39:441:83":81,"s:442:12:442:Infinity":192,"b:444:8:446:Infinity:undefined:undefined:undefined:undefined":82,"s:444:8:446:Infinity":193,"b:444:12:444:39:444:39:444:75":83,"s:445:12:445:Infinity":194,"b:447:8:449:Infinity:undefined:undefined:undefined:undefined":84,"s:447:8:449:Infinity":195,"b:447:12:447:36:447:36:447:70":85,"s:448:12:448:Infinity":196,"s:452:31:462:Infinity":197,"f:452:31:452:32":27,"s:453:28:453:Infinity":198,"b:454:12:461:Infinity:undefined:undefined:undefined:undefined":86,"s:454:12:461:Infinity":199,"b:454:16:454:27:454:27:454:56":87,"b:457:16:460:Infinity:undefined:undefined:undefined:undefined":88,"s:457:16:460:Infinity":200,"b:457:20:457:36:457:36:457:51:457:51:457:64":89,"s:458:20:458:Infinity":201,"s:459:20:459:Infinity":202,"s:464:30:474:Infinity":203,"s:476:8:476:Infinity":204,"b:479:8:488:Infinity:undefined:undefined:undefined:undefined":90,"s:479:8:488:Infinity":205,"s:480:33:480:Infinity":206,"s:481:12:487:Infinity":207,"f:481:33:481:40":28,"s:482:28:482:Infinity":208,"b:483:16:486:Infinity:undefined:undefined:undefined:undefined":91,"s:483:16:486:Infinity":209,"b:483:20:483:27:483:27:483:39:483:39:483:50:483:50:483:59":92,"s:484:20:484:Infinity":210,"s:485:20:485:Infinity":211,"s:490:8:490:Infinity":212,"s:494:10:498:Infinity":213,"b:496:45:496:72:496:61:496:119":93,"b:496:103:496:116:496:116:496:118":94,"s:500:102:500:Infinity":214,"s:503:32:503:Infinity":215,"s:504:19:504:Infinity":216,"s:505:26:505:Infinity":217,"s:506:19:506:Infinity":218,"s:507:20:507:Infinity":219,"s:508:24:508:Infinity":220,"s:509:24:509:Infinity":221,"s:510:29:510:Infinity":222,"s:511:22:511:Infinity":223,"s:512:22:512:Infinity":224,"b:512:22:512:44:512:44:512:Infinity":95,"s:513:26:513:Infinity":225,"b:513:26:513:52:513:52:513:Infinity":96,"s:514:24:514:Infinity":226,"b:514:24:514:48:514:48:514:Infinity":97,"s:515:29:515:Infinity":227,"b:515:29:515:58:515:58:515:Infinity":98,"s:516:21:516:Infinity":228,"b:516:21:516:42:516:42:516:Infinity":99,"s:517:20:517:Infinity":229,"b:517:20:517:40:517:40:517:Infinity":100,"s:518:25:518:Infinity":230,"b:518:25:518:50:518:50:518:Infinity":101,"s:519:28:519:Infinity":231,"b:519:28:519:56:519:56:519:Infinity":102,"s:520:19:520:Infinity":232,"b:520:19:520:38:520:38:520:Infinity":103,"s:521:25:521:Infinity":233,"b:521:25:521:50:521:50:521:Infinity":104,"s:523:48:523:Infinity":234,"s:526:26:526:Infinity":235,"s:527:26:527:Infinity":236,"s:529:10:537:Infinity":237,"f:529:34:529:40":29,"s:530:23:530:Infinity":238,"s:531:25:531:Infinity":239,"b:532:8:535:Infinity:undefined:undefined:undefined:undefined":105,"s:532:8:535:Infinity":240,"b:532:12:532:26:532:26:532:40":106,"s:533:28:533:Infinity":241,"s:534:12:534:Infinity":242,"s:536:8:536:Infinity":243,"s:539:4:544:Infinity":244,"f:539:14:539:20":30,"s:540:27:540:Infinity":245,"b:541:8:543:Infinity:undefined:undefined:undefined:undefined":107,"s:541:8:543:Infinity":246,"b:541:12:541:29:541:29:541:59":108,"s:542:12:542:Infinity":247,"s:548:4:591:Infinity":248,"f:548:14:548:20":31,"b:549:8:562:Infinity:undefined:undefined:undefined:undefined":109,"s:549:8:562:Infinity":249,"s:550:32:550:Infinity":250,"s:551:28:551:Infinity":251,"b:553:12:553:Infinity:undefined:undefined:undefined:undefined":110,"s:553:12:553:Infinity":252,"b:553:16:553:35:553:35:553:47":111,"s:553:47:553:Infinity":253,"b:554:12:554:Infinity:undefined:undefined:undefined:undefined":112,"s:554:12:554:Infinity":254,"b:554:16:554:35:554:35:554:47":113,"s:554:47:554:Infinity":255,"b:555:12:555:Infinity:undefined:undefined:undefined:undefined":114,"s:555:12:555:Infinity":256,"b:555:16:555:37:555:37:555:51":115,"s:555:51:555:Infinity":257,"b:556:12:556:Infinity:undefined:undefined:undefined:undefined":116,"s:556:12:556:Infinity":258,"b:556:16:556:35:556:35:556:47":117,"s:556:47:556:Infinity":259,"b:557:12:557:Infinity:undefined:undefined:undefined:undefined":118,"s:557:12:557:Infinity":260,"b:557:16:557:36:557:36:557:49":119,"s:557:49:557:Infinity":261,"b:558:12:558:Infinity:undefined:undefined:undefined:undefined":120,"s:558:12:558:Infinity":262,"b:558:16:558:38:558:38:558:53":121,"s:558:53:558:Infinity":263,"b:559:12:559:Infinity:undefined:undefined:undefined:undefined":122,"s:559:12:559:Infinity":264,"b:559:16:559:39:559:39:559:55":123,"s:559:55:559:Infinity":265,"b:560:12:560:Infinity:undefined:undefined:undefined:undefined":124,"s:560:12:560:Infinity":266,"b:560:16:560:39:560:39:560:55":125,"s:560:55:560:Infinity":267,"b:565:8:590:Infinity:undefined:undefined:undefined:undefined":126,"s:565:8:590:Infinity":268,"s:566:35:566:Infinity":269,"s:570:41:572:Infinity":270,"b:570:41:570:59:570:59:572:Infinity":127,"f:570:92:570:Infinity":32,"s:571:16:571:Infinity":271,"b:571:16:571:41:571:41:571:58:571:58:571:Infinity":128,"b:574:12:579:Infinity:undefined:undefined:undefined:undefined":129,"s:574:12:579:Infinity":272,"b:574:16:574:41:574:41:574:58":130,"s:577:35:577:Infinity":273,"s:578:16:578:Infinity":274,"b:582:12:584:Infinity:undefined:undefined:undefined:undefined":131,"s:582:12:584:Infinity":275,"b:582:16:582:48:582:48:582:84":132,"s:583:16:583:Infinity":276,"b:587:12:589:Infinity:undefined:undefined:undefined:undefined":133,"s:587:12:589:Infinity":277,"b:587:16:587:40:587:40:587:67":134,"s:588:16:588:Infinity":278,"s:593:33:600:Infinity":279,"f:593:33:593:34":33,"b:594:8:594:Infinity:undefined:undefined:undefined:undefined":135,"s:594:8:594:Infinity":280,"s:594:24:594:Infinity":281,"b:595:8:595:Infinity:undefined:undefined:undefined:undefined":136,"s:595:8:595:Infinity":282,"s:595:22:595:Infinity":283,"b:596:8:596:Infinity:undefined:undefined:undefined:undefined":137,"s:596:8:596:Infinity":284,"s:596:22:596:Infinity":285,"b:597:8:597:Infinity:undefined:undefined:undefined:undefined":138,"s:597:8:597:Infinity":286,"s:597:22:597:Infinity":287,"b:598:8:598:Infinity:undefined:undefined:undefined:undefined":139,"s:598:8:598:Infinity":288,"s:598:22:598:Infinity":289,"s:599:8:599:Infinity":290,"s:605:29:605:Infinity":291,"b:605:29:605:51:605:51:605:Infinity":140,"s:607:34:611:Infinity":292,"f:607:34:607:35":34,"s:608:21:608:Infinity":293,"s:609:8:609:Infinity":294,"s:610:8:610:Infinity":295,"s:613:25:615:Infinity":296,"f:613:25:613:31":35,"s:614:8:614:Infinity":297,"s:617:28:620:Infinity":298,"f:617:28:617:29":36,"s:618:21:618:Infinity":299,"f:618:45:618:46":37,"s:618:55:618:66":300,"s:619:8:619:Infinity":301,"s:623:29:623:Infinity":302,"s:626:30:630:Infinity":303,"f:626:30:626:31":38,"s:627:20:627:Infinity":304,"b:628:8:628:Infinity:undefined:undefined:undefined:undefined":141,"s:628:8:628:Infinity":305,"s:628:32:628:Infinity":306,"s:629:8:629:Infinity":307,"b:629:21:629:39:629:39:629:Infinity":142,"s:632:34:637:Infinity":308,"f:632:34:632:35":39,"s:633:20:633:Infinity":309,"s:634:23:634:Infinity":310,"s:635:8:635:Infinity":311,"s:636:8:636:Infinity":312,"s:639:29:642:Infinity":313,"f:639:29:639:30":40,"s:640:20:640:Infinity":314,"s:641:8:641:Infinity":315,"s:645:26:645:Infinity":316,"b:645:26:645:52:645:52:645:Infinity":143,"s:647:28:658:Infinity":317,"f:647:28:647:Infinity":41,"b:649:33:649:Infinity":144,"s:651:39:656:Infinity":318,"s:657:8:657:Infinity":319,"s:660:31:663:Infinity":320,"f:660:31:660:32":42,"s:661:26:661:Infinity":321,"f:661:44:661:49":43,"s:661:49:661:91":322,"b:661:63:661:90:661:90:661:91":145,"s:662:8:662:Infinity":323,"s:665:31:668:Infinity":324,"f:665:31:665:32":44,"s:666:26:666:Infinity":325,"f:666:47:666:52":45,"s:666:52:666:63":326,"s:667:8:667:Infinity":327,"s:670:32:670:Infinity":328,"s:671:4:680:Infinity":329,"f:671:14:671:20":46,"s:672:29:672:Infinity":330,"f:672:29:672:35":47,"s:672:35:672:Infinity":331,"s:673:30:673:Infinity":332,"f:673:30:673:36":48,"s:673:36:673:Infinity":333,"s:674:8:674:Infinity":334,"s:675:8:675:Infinity":335,"s:676:8:679:Infinity":336,"f:676:15:676:21":49,"s:677:12:677:Infinity":337,"s:678:12:678:Infinity":338,"s:683:4:711:Infinity":339,"f:683:14:683:20":50,"s:684:37:709:Infinity":340,"f:684:37:684:49":51,"b:686:12:691:Infinity:undefined:undefined:undefined:undefined":146,"s:686:12:691:Infinity":341,"s:687:16:687:Infinity":342,"s:689:16:689:Infinity":343,"b:689:53:689:66:689:66:689:68":147,"s:690:16:690:Infinity":344,"b:693:12:708:Infinity:695:12:708:Infinity":148,"s:693:12:708:Infinity":345,"s:694:16:694:Infinity":346,"b:695:12:708:Infinity:undefined:undefined:undefined:undefined":149,"s:695:12:708:Infinity":347,"s:697:16:707:Infinity":348,"s:698:38:698:Infinity":349,"b:699:20:704:Infinity:undefined:undefined:undefined:undefined":150,"s:699:20:704:Infinity":350,"b:699:24:699:37:699:37:699:59":151,"s:702:24:702:Infinity":351,"s:703:24:703:Infinity":352,"s:706:20:706:Infinity":353,"s:710:8:710:Infinity":354,"s:713:26:717:Infinity":355,"s:719:22:721:Infinity":356,"f:719:22:719:23":52,"s:720:8:720:Infinity":357,"s:723:10:729:Infinity":358,"f:723:43:723:44":53,"s:724:31:724:Infinity":359,"s:725:8:725:Infinity":360,"b:726:8:728:Infinity:undefined:undefined:undefined:undefined":152,"s:726:8:728:Infinity":361,"b:726:12:726:32:726:32:726:35":153,"s:727:12:727:Infinity":362,"s:731:21:780:Infinity":363,"f:731:21:731:28":54,"b:732:8:732:Infinity:undefined:undefined:undefined:undefined":154,"s:732:8:732:Infinity":364,"s:732:22:732:Infinity":365,"s:735:27:735:Infinity":366,"b:736:8:740:Infinity:undefined:undefined:undefined:undefined":155,"s:736:8:740:Infinity":367,"s:737:12:737:Infinity":368,"s:738:12:738:Infinity":369,"s:739:12:739:Infinity":370,"s:741:8:741:Infinity":371,"s:743:8:779:Infinity":372,"s:745:34:760:Infinity":373,"b:750:22:750:Infinity:751:22:751:Infinity":156,"b:749:27:749:45:749:45:749:Infinity":157,"b:755:63:755:112:755:112:755:Infinity":158,"b:756:63:756:112:756:112:756:Infinity":159,"b:757:65:757:115:757:115:757:Infinity":160,"b:758:65:758:115:758:115:758:Infinity":161,"s:763:30:765:Infinity":374,"f:764:53:764:54":55,"s:764:65:764:80":375,"b:767:12:773:Infinity:770:19:773:Infinity":162,"s:767:12:773:Infinity":376,"s:768:16:768:Infinity":377,"s:771:16:771:Infinity":378,"s:774:12:774:Infinity":379,"s:775:12:775:Infinity":380,"f:775:23:775:29":56,"s:775:29:775:69":381,"s:777:12:777:Infinity":382,"s:778:12:778:Infinity":383,"b:782:4:784:Infinity:undefined:undefined:undefined:undefined":163,"s:782:4:784:Infinity":384,"s:783:8:783:Infinity":385,"b:786:4:788:Infinity:undefined:undefined:undefined:undefined":164,"s:786:4:788:Infinity":386,"s:787:8:787:Infinity":387,"s:790:4:1785:Infinity":388,"b:795:17:795:30:795:30:795:Infinity:796:20:804:Infinity":165,"f:806:55:806:56":57,"s:807:20:807:Infinity":389,"b:809:20:811:Infinity:undefined:undefined:undefined:undefined":166,"s:809:20:811:Infinity":390,"s:810:24:810:Infinity":391,"s:812:20:812:Infinity":392,"f:818:33:818:39":58,"s:818:39:818:Infinity":393,"f:818:48:818:57":59,"s:818:57:818:87":394,"f:821:55:821:61":60,"s:821:61:821:75":395,"f:831:44:831:45":61,"s:832:40:832:Infinity":396,"f:841:44:841:45":62,"s:842:40:842:Infinity":397,"b:857:26:857:49:857:49:857:Infinity:858:28:871:Infinity":167,"f:862:44:862:45":63,"s:863:40:868:Infinity":398,"b:874:25:874:Infinity:875:28:883:Infinity":168,"f:878:45:878:51":64,"s:878:51:878:Infinity":399,"f:889:40:889:41":65,"s:890:36:895:Infinity":400,"f:906:40:906:41":66,"s:907:36:912:Infinity":401,"f:918:40:918:41":67,"s:919:36:926:Infinity":402,"f:936:38:936:39":68,"s:936:48:936:Infinity":403,"b:938:25:938:Infinity:939:28:958:Infinity":169,"b:955:33:955:Infinity:956:36:956:Infinity":170,"b:962:21:962:Infinity:963:24:1016:Infinity":171,"f:967:42:967:43":69,"s:967:52:967:Infinity":404,"b:969:29:969:Infinity:970:32:1014:Infinity":172,"f:974:50:974:51":70,"s:974:60:974:Infinity":405,"f:978:66:978:Infinity":71,"s:979:44:992:Infinity":406,"f:984:60:984:61":72,"s:985:56:989:Infinity":407,"f:999:48:999:49":73,"s:1000:44:1005:Infinity":408,"f:1009:117:1009:118":74,"s:1009:127:1009:240":409,"f:1010:101:1010:102":75,"s:1010:111:1010:210":410,"f:1011:96:1011:97":76,"s:1011:106:1011:199":411,"f:1012:116:1012:117":77,"s:1012:126:1012:237":412,"f:1013:115:1013:116":78,"s:1013:125:1013:226":413,"f:1023:88:1023:89":79,"s:1023:98:1023:165":414,"b:1024:29:1024:Infinity:1025:32:1040:Infinity":173,"f:1029:48:1029:49":80,"s:1030:44:1037:Infinity":415,"b:1034:55:1034:70:1034:70:1034:Infinity":174,"f:1046:97:1046:98":81,"s:1046:107:1046:174":416,"b:1047:29:1047:Infinity:1048:32:1061:Infinity":175,"f:1052:48:1052:49":82,"s:1053:44:1058:Infinity":417,"f:1070:108:1070:109":83,"s:1070:118:1070:181":418,"b:1071:29:1071:Infinity:1072:32:1087:Infinity":176,"f:1076:48:1076:49":84,"s:1077:44:1084:Infinity":419,"f:1093:107:1093:108":85,"s:1093:117:1093:180":420,"b:1094:29:1094:Infinity:1095:32:1166:Infinity":177,"b:1096:38:1096:62:1096:62:1096:66":178,"f:1096:70:1096:71":86,"s:1097:40:1152:Infinity":421,"b:1098:45:1098:Infinity:1099:48:1109:Infinity":179,"f:1101:61:1101:67":87,"s:1102:73:1102:Infinity":422,"s:1103:56:1103:Infinity":423,"s:1104:56:1104:Infinity":424,"f:1115:60:1115:61":88,"s:1116:56:1121:Infinity":425,"b:1118:67:1118:82:1118:82:1118:Infinity":180,"f:1129:64:1129:65":89,"s:1130:60:1135:Infinity":426,"b:1132:71:1132:86:1132:86:1132:Infinity":181,"f:1142:60:1142:61":90,"s:1143:56:1148:Infinity":427,"b:1145:67:1145:82:1145:82:1145:Infinity":182,"f:1157:49:1157:55":91,"s:1158:65:1158:Infinity":428,"b:1158:65:1158:89:1158:89:1158:Infinity":183,"s:1159:44:1159:Infinity":429,"f:1172:106:1172:107":92,"s:1172:116:1172:177":430,"b:1173:29:1173:Infinity:1174:32:1187:Infinity":184,"f:1178:48:1178:49":93,"s:1179:44:1184:Infinity":431,"f:1193:157:1193:158":94,"s:1193:167:1193:226":432,"b:1194:29:1194:Infinity:1195:32:1208:Infinity":185,"f:1199:48:1199:49":95,"s:1200:44:1205:Infinity":433,"f:1214:176:1214:177":96,"s:1214:186:1214:257":434,"b:1215:29:1215:Infinity:1216:32:1229:Infinity":186,"f:1220:48:1220:49":97,"s:1221:44:1226:Infinity":435,"f:1241:42:1241:43":98,"s:1241:52:1241:Infinity":436,"b:1243:29:1243:Infinity:1244:32:1257:Infinity":187,"f:1248:48:1248:49":99,"s:1249:44:1254:Infinity":437,"f:1263:105:1263:106":100,"s:1263:115:1263:192":438,"b:1264:29:1264:Infinity:1265:32:1279:Infinity":188,"f:1270:54:1270:55":101,"s:1270:64:1270:Infinity":439,"b:1275:47:1275:73:1275:73:1275:Infinity":189,"f:1276:50:1276:51":102,"s:1276:57:1276:Infinity":440,"f:1288:89:1288:90":103,"s:1288:99:1288:179":441,"b:1289:29:1289:Infinity:1290:32:1360:Infinity":190,"b:1291:79:1291:108:1291:108:1291:123:1291:123:1291:127":191,"f:1291:137:1291:138":104,"s:1292:56:1292:Infinity":442,"s:1293:56:1293:Infinity":443,"b:1293:91:1293:106:1293:106:1293:Infinity":192,"s:1294:40:1297:Infinity":444,"b:1296:61:1296:81:1296:81:1296:86":193,"b:1301:38:1301:66:1301:66:1301:Infinity:1302:40:1315:Infinity":194,"f:1306:56:1306:57":105,"s:1307:52:1312:Infinity":445,"b:1318:38:1318:73:1318:73:1318:Infinity:1319:40:1332:Infinity":195,"f:1323:56:1323:57":106,"s:1324:52:1329:Infinity":446,"b:1335:38:1335:84:1335:84:1335:Infinity:1336:40:1349:Infinity":196,"f:1340:56:1340:57":107,"s:1341:52:1346:Infinity":447,"b:1355:51:1355:67:1355:67:1355:Infinity":197,"f:1356:54:1356:55":108,"s:1356:61:1356:Infinity":448,"f:1366:99:1366:100":109,"s:1366:109:1366:201":449,"f:1374:42:1374:43":110,"s:1374:52:1374:Infinity":450,"b:1376:29:1376:Infinity:1377:32:1390:Infinity":198,"f:1381:48:1381:49":111,"s:1382:44:1387:Infinity":451,"f:1401:85:1401:86":112,"s:1401:95:1401:189":452,"b:1402:29:1402:Infinity:1403:32:1437:Infinity":199,"b:1404:78:1404:100:1404:100:1404:104":200,"f:1404:114:1404:115":113,"s:1405:40:1408:Infinity":453,"b:1407:56:1407:78:1407:78:1407:83":201,"b:1412:38:1412:72:1412:72:1412:Infinity:1413:40:1426:Infinity":202,"f:1417:56:1417:57":114,"s:1418:52:1423:Infinity":454,"b:1432:51:1432:74:1432:74:1432:Infinity":203,"f:1433:54:1433:55":115,"s:1433:61:1433:Infinity":455,"f:1448:42:1448:47":116,"s:1448:47:1448:Infinity":456,"f:1455:42:1455:47":117,"s:1455:47:1455:Infinity":457,"f:1462:42:1462:47":118,"s:1462:47:1462:Infinity":458,"f:1469:42:1469:47":119,"s:1469:47:1469:Infinity":459,"f:1478:42:1478:47":120,"s:1478:47:1478:Infinity":460,"b:1480:73:1480:90:1480:90:1480:106":204,"f:1485:42:1485:47":121,"s:1485:47:1485:Infinity":461,"b:1487:73:1487:90:1487:90:1487:106":205,"f:1492:42:1492:47":122,"s:1492:47:1492:Infinity":462,"f:1498:42:1498:47":123,"s:1498:47:1498:Infinity":463,"b:1505:65:1505:85:1505:85:1505:89":206,"b:1507:29:1507:Infinity:1508:32:1513:Infinity":207,"f:1521:34:1521:35":124,"s:1521:41:1521:Infinity":464,"f:1535:42:1535:43":125,"s:1535:52:1535:Infinity":465,"b:1537:29:1537:Infinity:1538:32:1553:Infinity":208,"f:1542:48:1542:49":126,"s:1543:44:1550:Infinity":466,"f:1563:40:1563:41":127,"s:1564:36:1570:Infinity":467,"b:1569:124:1569:172:1569:172:1569:197":209,"f:1579:54:1579:55":128,"s:1580:36:1600:Infinity":468,"f:1587:54:1587:59":129,"s:1587:59:1587:Infinity":469,"b:1589:66:1589:80:1589:80:1589:Infinity":210,"b:1591:41:1591:Infinity:1592:44:1598:Infinity":211,"f:1594:57:1594:63":130,"s:1594:63:1594:Infinity":470,"f:1621:46:1621:51":131,"s:1621:51:1621:Infinity":471,"b:1622:77:1622:94:1622:94:1622:110":212,"f:1629:63:1629:64":132,"s:1630:36:1638:Infinity":472,"f:1634:54:1634:59":133,"s:1634:59:1634:Infinity":473,"b:1636:66:1636:80:1636:80:1636:Infinity":213,"f:1640:63:1640:69":134,"s:1640:69:1640:95":474,"f:1646:64:1646:65":135,"s:1647:36:1655:Infinity":475,"f:1651:54:1651:59":136,"s:1651:59:1651:Infinity":476,"b:1653:66:1653:80:1653:80:1653:Infinity":214,"f:1657:63:1657:69":137,"s:1657:69:1657:96":477,"f:1663:64:1663:65":138,"s:1664:36:1672:Infinity":478,"f:1668:54:1668:59":139,"s:1668:59:1668:Infinity":479,"b:1670:66:1670:80:1670:80:1670:Infinity":215,"f:1674:63:1674:69":140,"s:1674:69:1674:96":480,"f:1684:41:1684:47":141,"s:1684:47:1684:Infinity":481,"f:1696:67:1696:73":142,"s:1696:73:1696:105":482,"f:1697:67:1697:73":143,"s:1697:73:1697:124":483,"f:1698:67:1698:73":144,"s:1698:73:1698:129":484,"f:1699:67:1699:73":145,"s:1699:73:1699:123":485,"f:1705:41:1705:47":146,"s:1705:47:1705:Infinity":486,"f:1713:41:1713:47":147,"s:1713:47:1713:Infinity":487,"f:1721:49:1721:50":148,"s:1722:32:1755:Infinity":488,"f:1725:49:1725:55":149,"s:1725:55:1725:Infinity":489,"b:1731:138:1731:Infinity:1732:44:1734:Infinity":216,"b:1732:75:1732:Infinity:1733:48:1734:Infinity":217,"b:1733:73:1733:Infinity:1734:52:1734:Infinity":218,"b:1736:77:1736:95:1736:95:1736:Infinity":219,"b:1736:126:1736:142:1736:142:1736:Infinity":220,"b:1736:167:1736:189:1736:189:1736:Infinity":221,"f:1743:54:1743:59":150,"s:1743:59:1743:Infinity":490,"f:1751:54:1751:59":151,"s:1751:59:1751:Infinity":491,"b:1757:29:1757:59:1757:59:1757:Infinity":222,"b:1768:53:1768:109:1768:109:1768:162":223,"b:1770:40:1770:61:1770:61:1770:Infinity":224,"b:1771:44:1771:62:1771:62:1771:Infinity":225,"b:1771:73:1771:85:1771:85:1771:Infinity":226,"f:1776:33:1776:39":152,"s:1776:39:1776:Infinity":492,"f:1777:32:1777:33":153,"s:1778:28:1778:Infinity":493,"s:1779:28:1779:Infinity":494,"b:1781:83:1781:152:1781:152:1781:Infinity":227,"b:1781:95:1781:144:1781:144:1781:148":228}}}
}
